<?xml version="1.0" encoding="UTF-8"?>
<!-- Related XMLSchema file: conf/schemas/test.xsd -->

<test name="Load tests">

    	<parameter name="[TryingDuration]" operation="set" value="0.100" description="Duration (in sec.) between 100 and 180"  			editable="true"/>
    	<parameter name="[RingingDuration]" operation="set" value="3" description="Duration (in sec.) between 180 and 200"     			editable="true"/>
    	<parameter name="[CallDurationSec]" operation="set" value="300" description="Duration (in sec.) of the call"           			editable="true"/>    	
    	<parameter name="[CAPS]" operation="set" value="50" description="Call Attempting per Second"                           			editable="true"/>
    	<parameter name="[TestDurationSec]" operation="set" value="3600" description="Duration (in sec.) of the test "         		    	editable="true"/>
    	<parameter name="[NumberUserDatabase]" operation="set" value="1000" description="Number of users provisionned in the database"         	editable="true"/>

	<!--                     -->
    	<!-- INTERNAL PARAMETERS -->
    	<!--                     -->
	<parameter name="[delayINVITE]" operation="set" value="1000" description="Delay (in sec.) between two INVITE"/>
	<parameter name="[temp]" operation="multiply" value="[CAPS]" value2="[delayINVITE]"/>	
	<parameter name="[NumberScenario]" operation="divide" value="[temp]" value2="1000" description="Number of UAC testcases in the test"/>	
	
	<parameter name="[NumberUserDatabase]" operation="substract" value="[NumberUserDatabase]" value2="1"/>
		
    	<parameter name="[Host-Tester]" operation="setFromSystem" value="IPAddress" value2="eth0" description="Addresse du XMLloader" />
    	<parameter name="[Port-Tester]" operation="setFromConfig" value="sip.properties" value2="DEFAULT_PORT" description="Port du XMLloader"/>
    	<parameter name="[Adresse-Tester]" operation="set" value="[Host-Tester(0)]:[Port-Tester]" />

   	<!--parameter name="[Host-Server]" operation="setFromSystem" value="IPAddress" value2="eth0" description="Addresse de l'AS" /-->
   	<parameter name="[Host-Server]" operation="set" value="172.16.21.26" description="Addresse de l'AS" />
    	<parameter name="[Port-Server]" operation="setFromConfig" value="sip.properties" value2="DEFAULT_PORT" description="Port du XMLloader"/>
    	<!--parameter name="[Port-Server]" operation="set" value="5060"/-->    	
    	<parameter name="[Adresse-Server]" operation="set" value="[Host-Server(0)]:[Port-Server]" />

	<parameter name="[domainName]" operation="set" value="devoteam.com"/>
    	<parameter name="[inviteeName]" operation="set" value="bob"/>
    	<parameter name="[inviterName]" operation="set" value="alice"/>
	
	<parameter name="[index]" operation="set" value="0"/>	
	
	<!-- Temporary due to bug with 2 <for> tag in the test file -->
	<parameter name="[index1]" operation="set" value="000"/>	  	  	
	
	<!--                   -->
    	<!-- RUNNER PARAMETERS -->
    	<!--                   -->
	
    	<runner>
        	<property name="runner.TEST_DURATION"       value="1"/>
        	<property name="runner.STARTUP_DURATION"    value="1"/>        
        	<property name="runner.PERIOD"              value="2"/>               
        	<property name="runner.STRICT_PERIOD"       value="true"/>               
    	</runner>

  	<for index="[number]" from="001" to="[NumberScenario]" step="1">   
  		<testcase name="[inviterName][number]" description="load [number]" state="true" number="1">    			
			<scenario name="UAC">UAC.xml</scenario>
		</testcase>
	</for>
		
</test>
