<?xml version="1.0" encoding="UTF-8"?>
<!-- Related XMLSchema file: conf/schemas/test.xsd -->

<test name="Load tests">

    <parameter name="[speedTestcase]" operation="set" value="50" description="number of testcase per second"   		editable="true"/>	
    <parameter name="[TestDurationSec]" operation="set" value="1800000" description="Duration (in sec.) of the test"   	    editable="true"/>
    <parameter name="[NumberTestcase]" operation="set" value="10" description="number of testcase"   			        editable="true"/>

    <parameter name="[localHostSIP]" operation="system.ipaddress" description="Addresse du XMLloader" />
    <parameter name="[localHostSIP]" operation="set" value="[localHostSIP(0)]" /> 
    <parameter name="[localPortSIP]" operation="file.readproperty" value="sip.properties" value2="listenpoint.LOCAL_PORT" description="Port du XMLloader"/>
    <parameter name="[localSIP]" operation="set" value="[localHostSIP(0)]:[localPortSIP]" />

    <parameter name="[remoteHostSIP]" operation="system.ipaddress" description="Addresse de l'AS" />
    <parameter name="[remoteHostSIP]" operation="set" value="[remoteHostSIP(0)]" />
    <!--parameter name="[remoteHostSIP]" operation="set" value="172.16.21.31" description="Addresse de l'AS" /-->   	   	
    <parameter name="[remotePortSIP]" operation="file.readproperty" value="sip.properties" value2="listenpoint.LOCAL_PORT" description="Port du XMLloader"/>
    <!--parameter name="[remotePortSIP]" operation="set" value="7071"/-->    	
    <parameter name="[remoteSIP]" operation="set" value="[remoteHostSIP(0)]:[remotePortSIP]" />

    <parameter name="[domainName]" operation="set" value="devoteam.com"/>
    <parameter name="[invitee]" operation="set" value="bob"/>
    <parameter name="[inviter]" operation="set" value="alice"/>

    <!-- transport parameters-->
    <parameter name="[transportRequest]" operation="set" value="UDP"/>
    <parameter name="[transportResponse]" operation="set" value="UDP"/>

    <runProfile>
          <step time="0" frequency="10000"/>
          <end iteration="50"/>
    </runProfile>
    
    <testcase name="Probe 1" description="load UA" state="true" number="1">
      <scenario name="default">probe.xml</scenario>
    </testcase>
    
    <testcase name="Probe 2" description="load UA" state="true" number="1">
        <scenario name="default">probe.xml</scenario>
    </testcase>

</test>
