<?xml version="1.0" encoding="UTF-8" standalone="no"?>
<test name="Samples">
	
	<testcase description="Test semaphore" name="Semaphore1" state="true">
		<scenario file="ue1.xml" name="ue1" routingName="ue1"/>	
		<scenario file="ue2.xml" name="ue2" routingName="ue2"/>
	</testcase>

	<testcase description="Test semaphore" name="Semaphore2" state="true">
		<scenario file="ue1.xml" name="ue1" routingName="ue1"/>	
		<scenario file="ue2.xml" name="ue2" routingName="ue2"/>
	</testcase>

	<testcase description="Test semaphore" name="Semaphore3" state="true">
		<scenario file="ue1.xml" name="ue1" routingName="ue1"/>	
		<scenario file="ue2.xml" name="ue2" routingName="ue2"/>
	</testcase>

	<testcase description="Test semaphore" name="Semaphore4" state="true">
		<scenario file="ue1.xml" name="ue1" routingName="ue1"/>	
		<scenario file="ue2.xml" name="ue2" routingName="ue2"/>
	</testcase>

	<testcase description="Test semaphore" name="Semaphore5" state="true">
		<scenario file="ue1.xml" name="ue1" routingName="ue1"/>	
		<scenario file="ue2.xml" name="ue2" routingName="ue2"/>
	</testcase>

	<testcase description="Test semaphore" name="Semaphore6" state="true">
		<scenario file="ue1.xml" name="ue1" routingName="ue1"/>	
		<scenario file="ue2.xml" name="ue2" routingName="ue2"/>
	</testcase>

	<testcase description="Test semaphore" name="Semaphore7" state="true">
		<scenario file="ue1.xml" name="ue1" routingName="ue1"/>	
		<scenario file="ue2.xml" name="ue2" routingName="ue2"/>
	</testcase>

	<testcase description="Test semaphore" name="Semaphore8" state="true">
		<scenario file="ue1.xml" name="ue1" routingName="ue1"/>	
		<scenario file="ue2.xml" name="ue2" routingName="ue2"/>
	</testcase>

	<testcase description="Test semaphore" name="Semaphore9" state="true">
		<scenario file="ue1.xml" name="ue1" routingName="ue1"/>	
		<scenario file="ue2.xml" name="ue2" routingName="ue2"/>
	</testcase>

	<testcase description="Test semaphore" name="Semaphore10" state="true">
		<scenario file="ue1.xml" name="ue1" routingName="ue1"/>	
		<scenario file="ue2.xml" name="ue2" routingName="ue2"/>
	</testcase>

	<testcase description="Test Semaphore1" name="Semaphore11" state="true">
		<scenario file="ue1.xml" name="ue1" routingName="ue1"/>	
		<scenario file="ue2.xml" name="ue2" routingName="ue2"/>
	</testcase>

	<testcase description="Test Semaphore1" name="Semaphore12" state="true">
		<scenario file="ue1.xml" name="ue1" routingName="ue1"/>	
		<scenario file="ue2.xml" name="ue2" routingName="ue2"/>
	</testcase>

	<testcase description="Test Semaphore1" name="Semaphore13" state="true">
		<scenario file="ue1.xml" name="ue1" routingName="ue1"/>	
		<scenario file="ue2.xml" name="ue2" routingName="ue2"/>
	</testcase>

	<testcase description="Test Semaphore1" name="Semaphore14" state="true">
		<scenario file="ue1.xml" name="ue1" routingName="ue1"/>	
		<scenario file="ue2.xml" name="ue2" routingName="ue2"/>
	</testcase>

	<testcase description="Test Semaphore1" name="Semaphore15" state="true">
		<scenario file="ue1.xml" name="ue1" routingName="ue1"/>	
		<scenario file="ue2.xml" name="ue2" routingName="ue2"/>
	</testcase>

	<testcase description="Test Semaphore1" name="Semaphore16" state="true">
		<scenario file="ue1.xml" name="ue1" routingName="ue1"/>	
		<scenario file="ue2.xml" name="ue2" routingName="ue2"/>
	</testcase>

	<testcase description="Test Semaphore1" name="Semaphore17" state="true">
		<scenario file="ue1.xml" name="ue1" routingName="ue1"/>	
		<scenario file="ue2.xml" name="ue2" routingName="ue2"/>
	</testcase>

	<testcase description="Test Semaphore1" name="Semaphore18" state="true">
		<scenario file="ue1.xml" name="ue1" routingName="ue1"/>	
		<scenario file="ue2.xml" name="ue2" routingName="ue2"/>
	</testcase>

	<testcase description="Test Semaphore1" name="Semaphore19" state="true">
		<scenario file="ue1.xml" name="ue1" routingName="ue1"/>	
		<scenario file="ue2.xml" name="ue2" routingName="ue2"/>
	</testcase>

	<testcase description="Test Semaphore2" name="Semaphore20" state="true">
		<scenario file="ue1.xml" name="ue1" routingName="ue1"/>	
		<scenario file="ue2.xml" name="ue2" routingName="ue2"/>
	</testcase>

	<testcase description="Test Semaphore2" name="Semaphore21" state="true">
		<scenario file="ue1.xml" name="ue1" routingName="ue1"/>	
		<scenario file="ue2.xml" name="ue2" routingName="ue2"/>
	</testcase>

	<testcase description="Test Semaphore2" name="Semaphore22" state="true">
		<scenario file="ue1.xml" name="ue1" routingName="ue1"/>	
		<scenario file="ue2.xml" name="ue2" routingName="ue2"/>
	</testcase>

	<testcase description="Test Semaphore2" name="Semaphore23" state="true">
		<scenario file="ue1.xml" name="ue1" routingName="ue1"/>	
		<scenario file="ue2.xml" name="ue2" routingName="ue2"/>
	</testcase>

	<testcase description="Test Semaphore2" name="Semaphore24" state="true">
		<scenario file="ue1.xml" name="ue1" routingName="ue1"/>	
		<scenario file="ue2.xml" name="ue2" routingName="ue2"/>
	</testcase>

	<testcase description="Test Semaphore2" name="Semaphore25" state="true">
		<scenario file="ue1.xml" name="ue1" routingName="ue1"/>	
		<scenario file="ue2.xml" name="ue2" routingName="ue2"/>
	</testcase>

	<testcase description="Test Semaphore2" name="Semaphore26" state="true">
		<scenario file="ue1.xml" name="ue1" routingName="ue1"/>	
		<scenario file="ue2.xml" name="ue2" routingName="ue2"/>
	</testcase>

	<testcase description="Test Semaphore2" name="Semaphore27" state="true">
		<scenario file="ue1.xml" name="ue1" routingName="ue1"/>	
		<scenario file="ue2.xml" name="ue2" routingName="ue2"/>
	</testcase>

	<testcase description="Test Semaphore2" name="Semaphore28" state="true">
		<scenario file="ue1.xml" name="ue1" routingName="ue1"/>	
		<scenario file="ue2.xml" name="ue2" routingName="ue2"/>
	</testcase>

	<testcase description="Test Semaphore2" name="Semaphore29" state="true">
		<scenario file="ue1.xml" name="ue1" routingName="ue1"/>	
		<scenario file="ue2.xml" name="ue2" routingName="ue2"/>
	</testcase>

	<testcase description="Test Semaphore3" name="Semaphore30" state="true">
		<scenario file="ue1.xml" name="ue1" routingName="ue1"/>	
		<scenario file="ue2.xml" name="ue2" routingName="ue2"/>
	</testcase>

	<testcase description="Test Semaphore3" name="Semaphore31" state="true">
		<scenario file="ue1.xml" name="ue1" routingName="ue1"/>	
		<scenario file="ue2.xml" name="ue2" routingName="ue2"/>
	</testcase>

	<testcase description="Test Semaphore3" name="Semaphore32" state="true">
		<scenario file="ue1.xml" name="ue1" routingName="ue1"/>	
		<scenario file="ue2.xml" name="ue2" routingName="ue2"/>
	</testcase>

	<testcase description="Test Semaphore3" name="Semaphore33" state="true">
		<scenario file="ue1.xml" name="ue1" routingName="ue1"/>	
		<scenario file="ue2.xml" name="ue2" routingName="ue2"/>
	</testcase>

	<testcase description="Test Semaphore3" name="Semaphore34" state="true">
		<scenario file="ue1.xml" name="ue1" routingName="ue1"/>	
		<scenario file="ue2.xml" name="ue2" routingName="ue2"/>
	</testcase>

	<testcase description="Test Semaphore3" name="Semaphore35" state="true">
		<scenario file="ue1.xml" name="ue1" routingName="ue1"/>	
		<scenario file="ue2.xml" name="ue2" routingName="ue2"/>
	</testcase>

	<testcase description="Test Semaphore3" name="Semaphore36" state="true">
		<scenario file="ue1.xml" name="ue1" routingName="ue1"/>	
		<scenario file="ue2.xml" name="ue2" routingName="ue2"/>
	</testcase>

	<testcase description="Test Semaphore3" name="Semaphore37" state="true">
		<scenario file="ue1.xml" name="ue1" routingName="ue1"/>	
		<scenario file="ue2.xml" name="ue2" routingName="ue2"/>
	</testcase>

	<testcase description="Test Semaphore3" name="Semaphore38" state="true">
		<scenario file="ue1.xml" name="ue1" routingName="ue1"/>	
		<scenario file="ue2.xml" name="ue2" routingName="ue2"/>
	</testcase>

	<testcase description="Test Semaphore3" name="Semaphore39" state="true">
		<scenario file="ue1.xml" name="ue1" routingName="ue1"/>	
		<scenario file="ue2.xml" name="ue2" routingName="ue2"/>
	</testcase>

	<testcase description="Test Semaphore4" name="Semaphore40" state="true">
		<scenario file="ue1.xml" name="ue1" routingName="ue1"/>	
		<scenario file="ue2.xml" name="ue2" routingName="ue2"/>
	</testcase>

	<testcase description="Test Semaphore4" name="Semaphore41" state="true">
		<scenario file="ue1.xml" name="ue1" routingName="ue1"/>	
		<scenario file="ue2.xml" name="ue2" routingName="ue2"/>
	</testcase>

	<testcase description="Test Semaphore4" name="Semaphore42" state="true">
		<scenario file="ue1.xml" name="ue1" routingName="ue1"/>	
		<scenario file="ue2.xml" name="ue2" routingName="ue2"/>
	</testcase>

	<testcase description="Test Semaphore4" name="Semaphore43" state="true">
		<scenario file="ue1.xml" name="ue1" routingName="ue1"/>	
		<scenario file="ue2.xml" name="ue2" routingName="ue2"/>
	</testcase>

	<testcase description="Test Semaphore4" name="Semaphore44" state="true">
		<scenario file="ue1.xml" name="ue1" routingName="ue1"/>	
		<scenario file="ue2.xml" name="ue2" routingName="ue2"/>
	</testcase>

	<testcase description="Test Semaphore4" name="Semaphore45" state="true">
		<scenario file="ue1.xml" name="ue1" routingName="ue1"/>	
		<scenario file="ue2.xml" name="ue2" routingName="ue2"/>
	</testcase>

	<testcase description="Test Semaphore4" name="Semaphore46" state="true">
		<scenario file="ue1.xml" name="ue1" routingName="ue1"/>	
		<scenario file="ue2.xml" name="ue2" routingName="ue2"/>
	</testcase>

	<testcase description="Test Semaphore4" name="Semaphore47" state="true">
		<scenario file="ue1.xml" name="ue1" routingName="ue1"/>	
		<scenario file="ue2.xml" name="ue2" routingName="ue2"/>
	</testcase>

	<testcase description="Test Semaphore4" name="Semaphore48" state="true">
		<scenario file="ue1.xml" name="ue1" routingName="ue1"/>	
		<scenario file="ue2.xml" name="ue2" routingName="ue2"/>
	</testcase>

	<testcase description="Test Semaphore4" name="Semaphore49" state="true">
		<scenario file="ue1.xml" name="ue1" routingName="ue1"/>	
		<scenario file="ue2.xml" name="ue2" routingName="ue2"/>
	</testcase>

	<testcase description="Test Semaphore5" name="Semaphore50" state="true">
		<scenario file="ue1.xml" name="ue1" routingName="ue1"/>	
		<scenario file="ue2.xml" name="ue2" routingName="ue2"/>
	</testcase>

	<testcase description="Test Semaphore5" name="Semaphore51" state="true">
		<scenario file="ue1.xml" name="ue1" routingName="ue1"/>	
		<scenario file="ue2.xml" name="ue2" routingName="ue2"/>
	</testcase>

	<testcase description="Test Semaphore5" name="Semaphore52" state="true">
		<scenario file="ue1.xml" name="ue1" routingName="ue1"/>	
		<scenario file="ue2.xml" name="ue2" routingName="ue2"/>
	</testcase>

	<testcase description="Test Semaphore5" name="Semaphore53" state="true">
		<scenario file="ue1.xml" name="ue1" routingName="ue1"/>	
		<scenario file="ue2.xml" name="ue2" routingName="ue2"/>
	</testcase>

	<testcase description="Test Semaphore5" name="Semaphore54" state="true">
		<scenario file="ue1.xml" name="ue1" routingName="ue1"/>	
		<scenario file="ue2.xml" name="ue2" routingName="ue2"/>
	</testcase>

	<testcase description="Test Semaphore5" name="Semaphore55" state="true">
		<scenario file="ue1.xml" name="ue1" routingName="ue1"/>	
		<scenario file="ue2.xml" name="ue2" routingName="ue2"/>
	</testcase>

	<testcase description="Test Semaphore5" name="Semaphore56" state="true">
		<scenario file="ue1.xml" name="ue1" routingName="ue1"/>	
		<scenario file="ue2.xml" name="ue2" routingName="ue2"/>
	</testcase>

	<testcase description="Test Semaphore5" name="Semaphore57" state="true">
		<scenario file="ue1.xml" name="ue1" routingName="ue1"/>	
		<scenario file="ue2.xml" name="ue2" routingName="ue2"/>
	</testcase>

	<testcase description="Test Semaphore5" name="Semaphore58" state="true">
		<scenario file="ue1.xml" name="ue1" routingName="ue1"/>	
		<scenario file="ue2.xml" name="ue2" routingName="ue2"/>
	</testcase>

	<testcase description="Test Semaphore5" name="Semaphore59" state="true">
		<scenario file="ue1.xml" name="ue1" routingName="ue1"/>	
		<scenario file="ue2.xml" name="ue2" routingName="ue2"/>
	</testcase>

	<testcase description="Test Semaphore6" name="Semaphore60" state="true">
		<scenario file="ue1.xml" name="ue1" routingName="ue1"/>	
		<scenario file="ue2.xml" name="ue2" routingName="ue2"/>
	</testcase>

	<testcase description="Test Semaphore6" name="Semaphore61" state="true">
		<scenario file="ue1.xml" name="ue1" routingName="ue1"/>	
		<scenario file="ue2.xml" name="ue2" routingName="ue2"/>
	</testcase>

	<testcase description="Test Semaphore6" name="Semaphore62" state="true">
		<scenario file="ue1.xml" name="ue1" routingName="ue1"/>	
		<scenario file="ue2.xml" name="ue2" routingName="ue2"/>
	</testcase>

	<testcase description="Test Semaphore6" name="Semaphore63" state="true">
		<scenario file="ue1.xml" name="ue1" routingName="ue1"/>	
		<scenario file="ue2.xml" name="ue2" routingName="ue2"/>
	</testcase>

	<testcase description="Test Semaphore6" name="Semaphore64" state="true">
		<scenario file="ue1.xml" name="ue1" routingName="ue1"/>	
		<scenario file="ue2.xml" name="ue2" routingName="ue2"/>
	</testcase>

	<testcase description="Test Semaphore6" name="Semaphore65" state="true">
		<scenario file="ue1.xml" name="ue1" routingName="ue1"/>	
		<scenario file="ue2.xml" name="ue2" routingName="ue2"/>
	</testcase>

	<testcase description="Test Semaphore6" name="Semaphore66" state="true">
		<scenario file="ue1.xml" name="ue1" routingName="ue1"/>	
		<scenario file="ue2.xml" name="ue2" routingName="ue2"/>
	</testcase>

	<testcase description="Test Semaphore6" name="Semaphore67" state="true">
		<scenario file="ue1.xml" name="ue1" routingName="ue1"/>	
		<scenario file="ue2.xml" name="ue2" routingName="ue2"/>
	</testcase>

	<testcase description="Test Semaphore6" name="Semaphore68" state="true">
		<scenario file="ue1.xml" name="ue1" routingName="ue1"/>	
		<scenario file="ue2.xml" name="ue2" routingName="ue2"/>
	</testcase>

	<testcase description="Test Semaphore6" name="Semaphore69" state="true">
		<scenario file="ue1.xml" name="ue1" routingName="ue1"/>	
		<scenario file="ue2.xml" name="ue2" routingName="ue2"/>
	</testcase>

	<testcase description="Test Semaphore7" name="Semaphore70" state="true">
		<scenario file="ue1.xml" name="ue1" routingName="ue1"/>	
		<scenario file="ue2.xml" name="ue2" routingName="ue2"/>
	</testcase>

	<testcase description="Test Semaphore7" name="Semaphore71" state="true">
		<scenario file="ue1.xml" name="ue1" routingName="ue1"/>	
		<scenario file="ue2.xml" name="ue2" routingName="ue2"/>
	</testcase>

	<testcase description="Test Semaphore7" name="Semaphore72" state="true">
		<scenario file="ue1.xml" name="ue1" routingName="ue1"/>	
		<scenario file="ue2.xml" name="ue2" routingName="ue2"/>
	</testcase>

	<testcase description="Test Semaphore7" name="Semaphore73" state="true">
		<scenario file="ue1.xml" name="ue1" routingName="ue1"/>	
		<scenario file="ue2.xml" name="ue2" routingName="ue2"/>
	</testcase>

	<testcase description="Test Semaphore7" name="Semaphore74" state="true">
		<scenario file="ue1.xml" name="ue1" routingName="ue1"/>	
		<scenario file="ue2.xml" name="ue2" routingName="ue2"/>
	</testcase>

	<testcase description="Test Semaphore7" name="Semaphore75" state="true">
		<scenario file="ue1.xml" name="ue1" routingName="ue1"/>	
		<scenario file="ue2.xml" name="ue2" routingName="ue2"/>
	</testcase>

	<testcase description="Test Semaphore7" name="Semaphore76" state="true">
		<scenario file="ue1.xml" name="ue1" routingName="ue1"/>	
		<scenario file="ue2.xml" name="ue2" routingName="ue2"/>
	</testcase>

	<testcase description="Test Semaphore7" name="Semaphore77" state="true">
		<scenario file="ue1.xml" name="ue1" routingName="ue1"/>	
		<scenario file="ue2.xml" name="ue2" routingName="ue2"/>
	</testcase>

	<testcase description="Test Semaphore7" name="Semaphore78" state="true">
		<scenario file="ue1.xml" name="ue1" routingName="ue1"/>	
		<scenario file="ue2.xml" name="ue2" routingName="ue2"/>
	</testcase>

	<testcase description="Test Semaphore7" name="Semaphore79" state="true">
		<scenario file="ue1.xml" name="ue1" routingName="ue1"/>	
		<scenario file="ue2.xml" name="ue2" routingName="ue2"/>
	</testcase>

	<testcase description="Test Semaphore8" name="Semaphore80" state="true">
		<scenario file="ue1.xml" name="ue1" routingName="ue1"/>	
		<scenario file="ue2.xml" name="ue2" routingName="ue2"/>
	</testcase>
	
	<testcase description="Test Semaphore8" name="Semaphore81" state="true">
		<scenario file="ue1.xml" name="ue1" routingName="ue1"/>	
		<scenario file="ue2.xml" name="ue2" routingName="ue2"/>
	</testcase>

	<testcase description="Test Semaphore8" name="Semaphore82" state="true">
		<scenario file="ue1.xml" name="ue1" routingName="ue1"/>	
		<scenario file="ue2.xml" name="ue2" routingName="ue2"/>
	</testcase>

	<testcase description="Test Semaphore8" name="Semaphore83" state="true">
		<scenario file="ue1.xml" name="ue1" routingName="ue1"/>	
		<scenario file="ue2.xml" name="ue2" routingName="ue2"/>
	</testcase>

	<testcase description="Test Semaphore8" name="Semaphore84" state="true">
		<scenario file="ue1.xml" name="ue1" routingName="ue1"/>	
		<scenario file="ue2.xml" name="ue2" routingName="ue2"/>
	</testcase>

	<testcase description="Test Semaphore8" name="Semaphore85" state="true">
		<scenario file="ue1.xml" name="ue1" routingName="ue1"/>	
		<scenario file="ue2.xml" name="ue2" routingName="ue2"/>
	</testcase>

	<testcase description="Test Semaphore8" name="Semaphore86" state="true">
		<scenario file="ue1.xml" name="ue1" routingName="ue1"/>	
		<scenario file="ue2.xml" name="ue2" routingName="ue2"/>
	</testcase>

	<testcase description="Test Semaphore8" name="Semaphore87" state="true">
		<scenario file="ue1.xml" name="ue1" routingName="ue1"/>	
		<scenario file="ue2.xml" name="ue2" routingName="ue2"/>
	</testcase>

	<testcase description="Test Semaphore8" name="Semaphore88" state="true">
		<scenario file="ue1.xml" name="ue1" routingName="ue1"/>	
		<scenario file="ue2.xml" name="ue2" routingName="ue2"/>
	</testcase>

	<testcase description="Test Semaphore8" name="Semaphore89" state="true">
		<scenario file="ue1.xml" name="ue1" routingName="ue1"/>	
		<scenario file="ue2.xml" name="ue2" routingName="ue2"/>
	</testcase>

	<testcase description="Test Semaphore9" name="Semaphore90" state="true">
		<scenario file="ue1.xml" name="ue1" routingName="ue1"/>	
		<scenario file="ue2.xml" name="ue2" routingName="ue2"/>
	</testcase>

	<testcase description="Test Semaphore9" name="Semaphore91" state="true">
		<scenario file="ue1.xml" name="ue1" routingName="ue1"/>	
		<scenario file="ue2.xml" name="ue2" routingName="ue2"/>
	</testcase>

	<testcase description="Test Semaphore9" name="Semaphore92" state="true">
		<scenario file="ue1.xml" name="ue1" routingName="ue1"/>	
		<scenario file="ue2.xml" name="ue2" routingName="ue2"/>
	</testcase>

	<testcase description="Test Semaphore9" name="Semaphore93" state="true">
		<scenario file="ue1.xml" name="ue1" routingName="ue1"/>	
		<scenario file="ue2.xml" name="ue2" routingName="ue2"/>
	</testcase>

	<testcase description="Test Semaphore9" name="Semaphore94" state="true">
		<scenario file="ue1.xml" name="ue1" routingName="ue1"/>	
		<scenario file="ue2.xml" name="ue2" routingName="ue2"/>
	</testcase>

	<testcase description="Test Semaphore9" name="Semaphore95" state="true">
		<scenario file="ue1.xml" name="ue1" routingName="ue1"/>	
		<scenario file="ue2.xml" name="ue2" routingName="ue2"/>
	</testcase>

	<testcase description="Test Semaphore9" name="Semaphore96" state="true">
		<scenario file="ue1.xml" name="ue1" routingName="ue1"/>	
		<scenario file="ue2.xml" name="ue2" routingName="ue2"/>
	</testcase>

	<testcase description="Test Semaphore9" name="Semaphore97" state="true">
		<scenario file="ue1.xml" name="ue1" routingName="ue1"/>	
		<scenario file="ue2.xml" name="ue2" routingName="ue2"/>
	</testcase>

	<testcase description="Test Semaphore9" name="Semaphore98" state="true">
		<scenario file="ue1.xml" name="ue1" routingName="ue1"/>	
		<scenario file="ue2.xml" name="ue2" routingName="ue2"/>
	</testcase>

	<testcase description="Test Semaphore9" name="Semaphore99" state="true">
		<scenario file="ue1.xml" name="ue1" routingName="ue1"/>	
		<scenario file="ue2.xml" name="ue2" routingName="ue2"/>
	</testcase>

	<testcase description="Test semaphore10" name="Semaphore100" state="true">
		<scenario file="ue1.xml" name="ue1" routingName="ue1"/>	
		<scenario file="ue2.xml" name="ue2" routingName="ue2"/>
	</testcase>

</test>
