<?xml version="1.0" encoding="UTF-8" standalone="no"?>
<test name="Samples">
	
	<testcase description="Test semaphore" name="Semaphore1" state="true">
		<scenario file="ue1.xml" name="ue1"/>	
		<scenario file="ue2.xml" name="ue2"/>
	</testcase>

	<testcase description="Test semaphore" name="Semaphore2" state="true">
		<scenario file="ue1.xml" name="ue1"/>	
		<scenario file="ue2.xml" name="ue2"/>
	</testcase>

	<testcase description="Test semaphore" name="Semaphore3" state="true">
		<scenario file="ue1.xml" name="ue1"/>	
		<scenario file="ue2.xml" name="ue2"/>
	</testcase>

	<testcase description="Test semaphore" name="Semaphore4" state="true">
		<scenario file="ue1.xml" name="ue1"/>	
		<scenario file="ue2.xml" name="ue2"/>
	</testcase>

	<testcase description="Test semaphore" name="Semaphore5" state="true">
		<scenario file="ue1.xml" name="ue1"/>	
		<scenario file="ue2.xml" name="ue2"/>
	</testcase>

	<testcase description="Test semaphore" name="Semaphore6" state="true">
		<scenario file="ue1.xml" name="ue1"/>	
		<scenario file="ue2.xml" name="ue2"/>
	</testcase>

	<testcase description="Test semaphore" name="Semaphore7" state="true">
		<scenario file="ue1.xml" name="ue1"/>	
		<scenario file="ue2.xml" name="ue2"/>
	</testcase>

	<testcase description="Test semaphore" name="Semaphore8" state="true">
		<scenario file="ue1.xml" name="ue1"/>	
		<scenario file="ue2.xml" name="ue2"/>
	</testcase>

	<testcase description="Test semaphore" name="Semaphore9" state="true">
		<scenario file="ue1.xml" name="ue1"/>	
		<scenario file="ue2.xml" name="ue2"/>
	</testcase>

	<testcase description="Test semaphore" name="Semaphore10" state="true">
		<scenario file="ue1.xml" name="ue1"/>	
		<scenario file="ue2.xml" name="ue2"/>
	</testcase>

</test>
