<?xml version="1.0" encoding="UTF-8"?>
<!-- Related XMLSchema file: conf/schemas/test.xsd -->

<test name="Load tests SIP">

	<parameter name="[TryingDuration]" operation="set" value="0.1" description="Duration (in sec.) between 100 and 180"  		editable="true"/>
	<parameter name="[RingingDuration]" operation="set" value="3" description="Duration (in sec.) between 180 and 200"     		editable="true"/>
	<parameter name="[CallDurationSec]" operation="set" value="60" description="Duration (in sec.) of the call"           		editable="true"/>    	
	<parameter name="[CAPS]" operation="set" value="50" description="Call Attempting per Second"                           		editable="true"/>
	<parameter name="[TestDurationDay]" operation="set" value="0" description="Duration (in day) of the test "        		    editable="true"/>
	<parameter name="[TestDurationHour]" operation="set" value="0" description="Duration (in hour) of the test "        		editable="true"/>
	<parameter name="[TestDurationMin]" operation="set" value="5" description="Duration (in min.) of the test "         		editable="true"/>    	
	<parameter name="[TestDurationSec]" operation="set" value="0" description="Duration (in sec.) of the test "         		editable="true"/>    	
	<parameter name="[RangeIndexUser]" operation="set" value="0" description="Index of the range of the user phone number"  	editable="true"/>
	<parameter name="[NumberScenario]" operation="set" value="10" description="Index of the range of the user phone number"  	editable="true"/>
	
    	<!--                     -->
	<!-- INTERNAL PARAMETERS -->
	<!--                     -->	
	<parameter name="[IPVersion]" operation="set"	value="4" editable="true" />
	<parameter name="[Host-Tester]" operation="system.ipaddress" value2="[IPVersion]" description="Host du IMSloader"/>
	<parameter name="[Host-Tester]" operation="set" value="[Host-Tester(0)]" />
	<!--parameter name="[Host-Tester]" operation="set" value="172.20.113.3" description="Host du IMSloader"	editable="true"/-->
	<!--parameter name="[Host-Tester]" operation="set" value="172.16.21.129" description="Host du IMSloader"	editable="true"/-->
	<!--parameter name="[Port-Tester]" operation="setFromConfig" value="sip.properties" value2="listenpoint.LOCAL_PORT" description="Port du IMSloader"/-->
	<parameter name="[Port-Tester]" operation="set" value="7070" description="Port du IMSloader"		editable="true"/>
	<parameter name="[Adresse-Tester]" operation="set" value="[Host-Tester]:[Port-Tester]" description="Addresse du IMSloader"/>

    	<parameter name="[Host-Server]" operation="system.ipaddress" value2="[IPVersion]" description="Addresse de l'AS" />
    	<parameter name="[Host-Server]" operation="set" value="[Host-Server(0)]" />
    	<!--parameter name="[Host-Server]" operation="set" value="172.20.113.2" description="Addresse de l'AS" 		editable="true"/-->	
    	<!--parameter name="[Host-Server]" operation="set" value="172.16.21.129" description="Addresse de l'AS" 		editable="true"/-->	        
	<!--parameter name="[Port-Server]" operation="setFromConfig" value="sip.properties" value2="listenpoint.LOCAL_PORT" description="Port de l'AS"/-->
    	<!--parameter name="[Port-Server]" operation="set" value="5060" description="Port de l'AS"				editable="true"/-->
	<parameter name="[Port-Server]" operation="set" value="7070" description="Port de l'AS"				editable="true"/>    	    
	<parameter name="[Adresse-Server]" operation="set" value="[Host-Server]:[Port-Server]"/>

    	<parameter name="[RangeNumberUser]" operation="set" value="5000"/>

	<!-- calculate the test duration -->			
	<parameter name="[TestDurationDay]" operation="number.multiply" value="[TestDurationDay]" value2="24"/>
	<parameter name="[TestDurationHour]" operation="number.add" value="[TestDurationHour]" value2="[TestDurationDay]"/>				
	<parameter name="[TestDurationHour]" operation="number.multiply" value="[TestDurationHour]" value2="60"/>
	<parameter name="[TestDurationMin]" operation="number.add" value="[TestDurationMin]" value2="[TestDurationHour]"/>					
	<parameter name="[TestDurationMin]" operation="number.multiply" value="[TestDurationMin]" value2="60"/>
	<parameter name="[TestDurationSec]" operation="number.add" value="[TestDurationSec]" value2="[TestDurationMin]"/>							
	
	<parameter name="[RangePortRTP-UAC]" operation="set" value="29000"/>				
	<parameter name="[RangePortRTP-UAS]" operation="set" value="39000"/>
				
	<!--                   -->
	<!-- CSV PARAMETERS -->
	<!--                   -->
	<parameter name="[inviterTab]" operation="file.readCsv" value="./testAS_uac.csv" value2="inviter" />
	<parameter name="[inviteeTab]" operation="file.readCsv" value="./testAS_uas.csv" value2="invitee" />    	

	<parameter name="[test:indexUser]" operation="set" value="0"/>
	
	<testcase name="loader" description="passive testcase for invite sending" state="true">

    	<!--                       -->
        <!-- RUNPROFILE PARAMETERS -->
        <!--                       -->    
        <parameter name="[CAPSlow]" operation="number.divide" value="[CAPS]" value2="2" />    	
        <runProfile>
            <step time="0" frequency="[CAPSlow]"/>
            <step time="30" frequency="[CAPS]"/>
            <step time="90" frequency="[CAPS]"/>        
            <step time="90" frequency="[CAPSlow]"/>        
            <step time="120" frequency="[CAPSlow]"/>
            <end delay="[TestDurationSec]"/>
        </runProfile>
      			
		<scenario name="inviter">scenario/loader.xml</scenario>

	</testcase>
	    			
  	<for index="[index]" from="1" to="[NumberScenario]" step="1">

	   <testcase name="responder[index]" interruptible="false" description="passive testcase for reponse and subsequent management" state="true">   			

        	<!--                       -->
            <!-- RUNPROFILE PARAMETERS -->
            <!--                       -->    
            <runProfile>
                <step time="0" period="0"/>
                <end delay="[TestDurationSec]" />
            </runProfile>

		    <scenario name="[Port-Tester]">scenario/responder.xml</scenario>

	   </testcase>

  	</for>
	
</test>
