<?xml version="1.0" encoding="UTF-8" standalone="no"?>
<test name="Load tests">

	     <!--                     -->
    	 <!-- INTERNAL PARAMETERS -->
    	 <!--                     -->
    	<parameter description="Addresse du XMLloader" name="[Host-Tester]" operation="system.ipaddress"/>
    	<parameter name="[Host-Tester]" operation="set" value="[Host-Tester(0)]"/>
    	<parameter name="[Port-Tester]" operation="set" value="10000"/>
    	<parameter name="[Adresse-Tester]" operation="set" value="[Host-Tester(0)]:[Port-Tester]"/>

    	<parameter description="Addresse du XMLloader" name="[Host-Server]" operation="system.ipaddress"/>
    	<parameter name="[Host-Server]" operation="set" value="[Host-Server(0)]"/>
    	<parameter name="[Port-Server]" operation="set" value="20000"/>
    	<parameter name="[Adresse-Server]" operation="set" value="[Host-Tester(0)]:[Port-Tester]"/>

	    <!--                   -->
    	<!-- RUNPROFILE PARAMETERS -->
    	<!--                   -->
    	<runProfile>
            <step period="0" time="0"/>
    	</runProfile>

  		<testcase description="load [number]" name="UA" number="1" state="true">    			
			     <scenario file="UA.xml" name="UA"/>
		</testcase>
	
</test>
