<?xml version="1.0" encoding="UTF-8"?>
<!-- Related XMLSchema file: conf/schemas/test.xsd -->

<test name="Samples">
	
	<testcase name="Semaphore1" description="Test semaphore" state="true">
		<scenario name="ue1">ue1.xml</scenario>	
		<scenario name="ue2">ue2.xml</scenario>
	</testcase>

	<testcase name="Semaphore2" description="Test semaphore" state="true">
		<scenario name="ue1">ue1.xml</scenario>	
		<scenario name="ue2">ue2.xml</scenario>
	</testcase>

	<testcase name="Semaphore3" description="Test semaphore" state="true">
		<scenario name="ue1">ue1.xml</scenario>	
		<scenario name="ue2">ue2.xml</scenario>
	</testcase>

	<testcase name="Semaphore4" description="Test semaphore" state="true">
		<scenario name="ue1">ue1.xml</scenario>	
		<scenario name="ue2">ue2.xml</scenario>
	</testcase>

	<testcase name="Semaphore5" description="Test semaphore" state="true">
		<scenario name="ue1">ue1.xml</scenario>	
		<scenario name="ue2">ue2.xml</scenario>
	</testcase>

	<testcase name="Semaphore6" description="Test semaphore" state="true">
		<scenario name="ue1">ue1.xml</scenario>	
		<scenario name="ue2">ue2.xml</scenario>
	</testcase>

	<testcase name="Semaphore7" description="Test semaphore" state="true">
		<scenario name="ue1">ue1.xml</scenario>	
		<scenario name="ue2">ue2.xml</scenario>
	</testcase>

	<testcase name="Semaphore8" description="Test semaphore" state="true">
		<scenario name="ue1">ue1.xml</scenario>	
		<scenario name="ue2">ue2.xml</scenario>
	</testcase>

	<testcase name="Semaphore9" description="Test semaphore" state="true">
		<scenario name="ue1">ue1.xml</scenario>	
		<scenario name="ue2">ue2.xml</scenario>
	</testcase>

	<testcase name="Semaphore10" description="Test semaphore" state="true">
		<scenario name="ue1">ue1.xml</scenario>	
		<scenario name="ue2">ue2.xml</scenario>
	</testcase>

</test>
