<?xml version="1.0" encoding="UTF-8"?>
<!-- Related XMLSchema file: conf/schemas/test.xsd -->

<test name="Load tests">

    <parameter name="[speedTestcase]" operation="set" value="1000" description="number of testcase per second"   		    editable="true"/>	
    <parameter name="[TestDurationSec]" operation="set" value="1800000" description="Duration (in sec.) of the test"   	    editable="true"/>
    <parameter name="[NumberTestcase]" operation="set" value="10" description="number of testcase"   			            editable="true"/>
    <parameter name="[LevelSupervision]" operation="set" value="ERROR" description="level to log the supervision message"   editable="true"/>	
    <parameter name="[PeriodSupervision]" operation="set" value="10" description="Period for the supervision polling"   	editable="true"/>	


    <parameter name="[Host-Tester]" operation="system.ipaddress" description="Addresse du XMLloader" />
    <parameter name="[Host-Tester]" operation="set" value="[Host-Tester(0)]" />
    <parameter name="[Port-Tester]" operation="file.readproperty" value="sip.properties" value2="listenpoint.LOCAL_PORT" description="Port du XMLloader"/>
    <parameter name="[Port-Tester]" operation="set" value="7070"/>    	
    <parameter name="[Adresse-Tester]" operation="set" value="[Host-Tester(0)]:[Port-Tester]" />

    <parameter name="[Host-Server]" operation="system.ipaddress" description="Addresse de l'AS" />
    <parameter name="[Host-Server]" operation="set" value="[Host-Server(0)]" />
    <parameter name="[Port-Server]" operation="file.readproperty" value="sip.properties" value2="listenpoint.LOCAL_PORT" description="Port du XMLloader"/>
    <parameter name="[Port-Server]" operation="set" value="7070"/>    	
    <parameter name="[Adresse-Server]" operation="set" value="[Host-Server(0)]:[Port-Server]" />

    <parameter name="[domainName]" operation="set" value="devoteam.com"/>
    <parameter name="[invitee]" operation="set" value="bob"/>
    <parameter name="[inviter]" operation="set" value="alice"/>

    <!-- transport parameters-->
	<parameter name="[transportRequest]" operation="set" value="UDP"/>
	<parameter name="[transportResponse]" operation="set" value="UDP"/>

   	<parameter name="[speedTestcase]" operation="number.divide" value="[speedTestcase]" value2="[NumberTestcase]"/>
    
    <parameter name="[first]" operation="set" value="true"/>
    <parameter name="[waiting]" operation="set" value="[NumberTestcase]"/>

    <testcase name="sip/156_sip_supervision" description="test sip" state="false">
        <scenario name="probe">../../156_sip_supervision/probe.xml</scenario>
        <scenario name="supervision">../../156_sip_supervision/supervision.xml</scenario>
    </testcase>    

    
    <for index="[index]" from="001" to="[NumberTestcase]" step="1">   

	    <testcase name="Testcase[index]" description="load [index]" state="true" number="1">
    
		<parameter name="[inviteeName]" operation="set" value="bob[index]"/>
		<parameter name="[inviterName]" operation="set" value="alice[index]"/>
			
		<runProfile>
                    <start delay="1"/>
                    <step time="0" frequency="[speedTestcase]"/>
                    <end delay="[TestDurationSec]"/>
            	</runProfile>

		<scenario name="alice[index]">UAC.xml</scenario>
		<scenario name="bob[index]">UAS.xml</scenario>
	    </testcase>
    </for>
    
</test>
