<?xml version="1.0" encoding="UTF-8"?>
<!-- Related XMLSchema file: conf/schemas/test.xsd -->

<test name="Load tests">

	<parameter name="[speedTrans]" operation="set" value="10000" description="number of transaction per second"   		editable="true"/>	
  <parameter name="[TestDurationSec]" operation="set" value="360000" description="Duration (in sec.) of the test"   	    editable="true"/>
	<parameter name="[NumberTestcase]" operation="set" value="10" description="number of testcase"   			        editable="true"/>
	
  <!-- Parameters for proxy testcases -->
  <parameter name="[localHost]" operation="system.ipaddress"/>
  <parameter name="[localHost]" operation="set" value="[localHost(0)]" editable="true"/>
  <parameter name="[localPort]" operation="set" value="10000" editable="true"/>
    
  <parameter name="[remoteHost]" operation="system.ipaddress"/>     
  <parameter name="[remoteHost]" operation="set" value="[remoteHost(0)]" editable="true"/>
  <parameter name="[remotePort]" operation="set" value="11000" editable="true"/>
  
  <parameter name="[speedTestcase]" operation="divide" value="[speedTrans]" value2="[NumberTestcase]"/>	

	<!--                       -->
    	<!-- RUNPROFILE PARAMETERS -->
    	<!--                       -->    
    	<runProfile>
        	<step time="0" frequency="[speedTestcase]"/>
        	<end delay="[TestDurationSec]"/>
    	</runProfile>

  	<for index="[index]" from="001" to="[NumberTestcase]" step="1"> 

		<testcase name="UNIT-[index]" description="load [index]"  number="1" state="true">
      <parameter name="[localPort]" operation="number.add" value="[localPort]" value2="[index]"/>
      
			<scenario name="radius-client_[index]">client.xml</scenario>
			<scenario name="radius-server_[index]">server.xml</scenario>	

		</testcase>

	</for>
</test>

