<?xml version="1.0" encoding="UTF-8" standalone="no"?>
<test name="Load tests">

	<parameter description="number of transaction per second" editable="true" name="[speedTrans]" operation="set" value="10000"/>	
  <parameter description="Duration (in sec.) of the test" editable="true" name="[TestDurationSec]" operation="set" value="360000"/>
	<parameter description="number of testcase" editable="true" name="[NumberTestcase]" operation="set" value="10"/>
	
  <!-- Parameters for proxy testcases -->
  <parameter name="[localHostRAD]" operation="system.ipaddress"/>
  <parameter editable="true" name="[localHostRAD]" operation="set" value="[localHost(0)]"/>
  <parameter editable="true" name="[localPortRAD]" operation="set" value="10000"/>
    
  <parameter name="[remoteHostRAD]" operation="system.ipaddress"/>     
  <parameter editable="true" name="[remoteHostRAD]" operation="set" value="[remoteHost(0)]"/>
  <parameter editable="true" name="[remotePortRAD]" operation="set" value="11000"/>
  
  <parameter name="[speedTestcase]" operation="divide" value="[speedTrans]" value2="[NumberTestcase]"/>	

	<!--                       -->
    	<!-- RUNPROFILE PARAMETERS -->
    	<!--                       -->    
    	<runProfile>
        	<step frequency="[speedTestcase]" time="0"/>
        	<end delay="[TestDurationSec]"/>
    	</runProfile>

  	<for from="001" index="[index]" step="1" to="[NumberTestcase]"> 

		<testcase description="load [index]" name="UNIT-[index]" number="1" state="true">
      <parameter name="[localPortRAD]" operation="number.add" value="[localPortRAD]" value2="[index]"/>
      
			<scenario file="client.xml" name="radius-client_[index]" routingName="radius-client_[index]"/>
			<scenario file="server.xml" name="radius-server_[index]" routingName="radius-server_[index]"/>	

		</testcase>

	</for>
</test>
