<?xml version="1.0" encoding="UTF-8"?>
<!-- Related XMLSchema file: conf/schemas/test.xsd -->

<test name="Samples">
	
	<testcase name="Semaphore1" description="Test semaphore" state="true">
		<scenario name="ue1">ue1.xml</scenario>	
		<scenario name="ue2">ue2.xml</scenario>
	</testcase>

	<testcase name="Semaphore2" description="Test semaphore" state="true">
		<scenario name="ue1">ue1.xml</scenario>	
		<scenario name="ue2">ue2.xml</scenario>
	</testcase>

	<testcase name="Semaphore3" description="Test semaphore" state="true">
		<scenario name="ue1">ue1.xml</scenario>	
		<scenario name="ue2">ue2.xml</scenario>
	</testcase>

	<testcase name="Semaphore4" description="Test semaphore" state="true">
		<scenario name="ue1">ue1.xml</scenario>	
		<scenario name="ue2">ue2.xml</scenario>
	</testcase>

	<testcase name="Semaphore5" description="Test semaphore" state="true">
		<scenario name="ue1">ue1.xml</scenario>	
		<scenario name="ue2">ue2.xml</scenario>
	</testcase>

	<testcase name="Semaphore6" description="Test semaphore" state="true">
		<scenario name="ue1">ue1.xml</scenario>	
		<scenario name="ue2">ue2.xml</scenario>
	</testcase>

	<testcase name="Semaphore7" description="Test semaphore" state="true">
		<scenario name="ue1">ue1.xml</scenario>	
		<scenario name="ue2">ue2.xml</scenario>
	</testcase>

	<testcase name="Semaphore8" description="Test semaphore" state="true">
		<scenario name="ue1">ue1.xml</scenario>	
		<scenario name="ue2">ue2.xml</scenario>
	</testcase>

	<testcase name="Semaphore9" description="Test semaphore" state="true">
		<scenario name="ue1">ue1.xml</scenario>	
		<scenario name="ue2">ue2.xml</scenario>
	</testcase>

	<testcase name="Semaphore10" description="Test semaphore" state="true">
		<scenario name="ue1">ue1.xml</scenario>	
		<scenario name="ue2">ue2.xml</scenario>
	</testcase>

	<testcase name="Semaphore11" description="Test Semaphore1" state="true">
		<scenario name="ue1">ue1.xml</scenario>	
		<scenario name="ue2">ue2.xml</scenario>
	</testcase>

	<testcase name="Semaphore12" description="Test Semaphore1" state="true">
		<scenario name="ue1">ue1.xml</scenario>	
		<scenario name="ue2">ue2.xml</scenario>
	</testcase>

	<testcase name="Semaphore13" description="Test Semaphore1" state="true">
		<scenario name="ue1">ue1.xml</scenario>	
		<scenario name="ue2">ue2.xml</scenario>
	</testcase>

	<testcase name="Semaphore14" description="Test Semaphore1" state="true">
		<scenario name="ue1">ue1.xml</scenario>	
		<scenario name="ue2">ue2.xml</scenario>
	</testcase>

	<testcase name="Semaphore15" description="Test Semaphore1" state="true">
		<scenario name="ue1">ue1.xml</scenario>	
		<scenario name="ue2">ue2.xml</scenario>
	</testcase>

	<testcase name="Semaphore16" description="Test Semaphore1" state="true">
		<scenario name="ue1">ue1.xml</scenario>	
		<scenario name="ue2">ue2.xml</scenario>
	</testcase>

	<testcase name="Semaphore17" description="Test Semaphore1" state="true">
		<scenario name="ue1">ue1.xml</scenario>	
		<scenario name="ue2">ue2.xml</scenario>
	</testcase>

	<testcase name="Semaphore18" description="Test Semaphore1" state="true">
		<scenario name="ue1">ue1.xml</scenario>	
		<scenario name="ue2">ue2.xml</scenario>
	</testcase>

	<testcase name="Semaphore19" description="Test Semaphore1" state="true">
		<scenario name="ue1">ue1.xml</scenario>	
		<scenario name="ue2">ue2.xml</scenario>
	</testcase>

	<testcase name="Semaphore20" description="Test Semaphore2" state="true">
		<scenario name="ue1">ue1.xml</scenario>	
		<scenario name="ue2">ue2.xml</scenario>
	</testcase>

	<testcase name="Semaphore21" description="Test Semaphore2" state="true">
		<scenario name="ue1">ue1.xml</scenario>	
		<scenario name="ue2">ue2.xml</scenario>
	</testcase>

	<testcase name="Semaphore22" description="Test Semaphore2" state="true">
		<scenario name="ue1">ue1.xml</scenario>	
		<scenario name="ue2">ue2.xml</scenario>
	</testcase>

	<testcase name="Semaphore23" description="Test Semaphore2" state="true">
		<scenario name="ue1">ue1.xml</scenario>	
		<scenario name="ue2">ue2.xml</scenario>
	</testcase>

	<testcase name="Semaphore24" description="Test Semaphore2" state="true">
		<scenario name="ue1">ue1.xml</scenario>	
		<scenario name="ue2">ue2.xml</scenario>
	</testcase>

	<testcase name="Semaphore25" description="Test Semaphore2" state="true">
		<scenario name="ue1">ue1.xml</scenario>	
		<scenario name="ue2">ue2.xml</scenario>
	</testcase>

	<testcase name="Semaphore26" description="Test Semaphore2" state="true">
		<scenario name="ue1">ue1.xml</scenario>	
		<scenario name="ue2">ue2.xml</scenario>
	</testcase>

	<testcase name="Semaphore27" description="Test Semaphore2" state="true">
		<scenario name="ue1">ue1.xml</scenario>	
		<scenario name="ue2">ue2.xml</scenario>
	</testcase>

	<testcase name="Semaphore28" description="Test Semaphore2" state="true">
		<scenario name="ue1">ue1.xml</scenario>	
		<scenario name="ue2">ue2.xml</scenario>
	</testcase>

	<testcase name="Semaphore29" description="Test Semaphore2" state="true">
		<scenario name="ue1">ue1.xml</scenario>	
		<scenario name="ue2">ue2.xml</scenario>
	</testcase>

	<testcase name="Semaphore30" description="Test Semaphore3" state="true">
		<scenario name="ue1">ue1.xml</scenario>	
		<scenario name="ue2">ue2.xml</scenario>
	</testcase>

	<testcase name="Semaphore31" description="Test Semaphore3" state="true">
		<scenario name="ue1">ue1.xml</scenario>	
		<scenario name="ue2">ue2.xml</scenario>
	</testcase>

	<testcase name="Semaphore32" description="Test Semaphore3" state="true">
		<scenario name="ue1">ue1.xml</scenario>	
		<scenario name="ue2">ue2.xml</scenario>
	</testcase>

	<testcase name="Semaphore33" description="Test Semaphore3" state="true">
		<scenario name="ue1">ue1.xml</scenario>	
		<scenario name="ue2">ue2.xml</scenario>
	</testcase>

	<testcase name="Semaphore34" description="Test Semaphore3" state="true">
		<scenario name="ue1">ue1.xml</scenario>	
		<scenario name="ue2">ue2.xml</scenario>
	</testcase>

	<testcase name="Semaphore35" description="Test Semaphore3" state="true">
		<scenario name="ue1">ue1.xml</scenario>	
		<scenario name="ue2">ue2.xml</scenario>
	</testcase>

	<testcase name="Semaphore36" description="Test Semaphore3" state="true">
		<scenario name="ue1">ue1.xml</scenario>	
		<scenario name="ue2">ue2.xml</scenario>
	</testcase>

	<testcase name="Semaphore37" description="Test Semaphore3" state="true">
		<scenario name="ue1">ue1.xml</scenario>	
		<scenario name="ue2">ue2.xml</scenario>
	</testcase>

	<testcase name="Semaphore38" description="Test Semaphore3" state="true">
		<scenario name="ue1">ue1.xml</scenario>	
		<scenario name="ue2">ue2.xml</scenario>
	</testcase>

	<testcase name="Semaphore39" description="Test Semaphore3" state="true">
		<scenario name="ue1">ue1.xml</scenario>	
		<scenario name="ue2">ue2.xml</scenario>
	</testcase>

	<testcase name="Semaphore40" description="Test Semaphore4" state="true">
		<scenario name="ue1">ue1.xml</scenario>	
		<scenario name="ue2">ue2.xml</scenario>
	</testcase>

	<testcase name="Semaphore41" description="Test Semaphore4" state="true">
		<scenario name="ue1">ue1.xml</scenario>	
		<scenario name="ue2">ue2.xml</scenario>
	</testcase>

	<testcase name="Semaphore42" description="Test Semaphore4" state="true">
		<scenario name="ue1">ue1.xml</scenario>	
		<scenario name="ue2">ue2.xml</scenario>
	</testcase>

	<testcase name="Semaphore43" description="Test Semaphore4" state="true">
		<scenario name="ue1">ue1.xml</scenario>	
		<scenario name="ue2">ue2.xml</scenario>
	</testcase>

	<testcase name="Semaphore44" description="Test Semaphore4" state="true">
		<scenario name="ue1">ue1.xml</scenario>	
		<scenario name="ue2">ue2.xml</scenario>
	</testcase>

	<testcase name="Semaphore45" description="Test Semaphore4" state="true">
		<scenario name="ue1">ue1.xml</scenario>	
		<scenario name="ue2">ue2.xml</scenario>
	</testcase>

	<testcase name="Semaphore46" description="Test Semaphore4" state="true">
		<scenario name="ue1">ue1.xml</scenario>	
		<scenario name="ue2">ue2.xml</scenario>
	</testcase>

	<testcase name="Semaphore47" description="Test Semaphore4" state="true">
		<scenario name="ue1">ue1.xml</scenario>	
		<scenario name="ue2">ue2.xml</scenario>
	</testcase>

	<testcase name="Semaphore48" description="Test Semaphore4" state="true">
		<scenario name="ue1">ue1.xml</scenario>	
		<scenario name="ue2">ue2.xml</scenario>
	</testcase>

	<testcase name="Semaphore49" description="Test Semaphore4" state="true">
		<scenario name="ue1">ue1.xml</scenario>	
		<scenario name="ue2">ue2.xml</scenario>
	</testcase>

	<testcase name="Semaphore50" description="Test Semaphore5" state="true">
		<scenario name="ue1">ue1.xml</scenario>	
		<scenario name="ue2">ue2.xml</scenario>
	</testcase>

	<testcase name="Semaphore51" description="Test Semaphore5" state="true">
		<scenario name="ue1">ue1.xml</scenario>	
		<scenario name="ue2">ue2.xml</scenario>
	</testcase>

	<testcase name="Semaphore52" description="Test Semaphore5" state="true">
		<scenario name="ue1">ue1.xml</scenario>	
		<scenario name="ue2">ue2.xml</scenario>
	</testcase>

	<testcase name="Semaphore53" description="Test Semaphore5" state="true">
		<scenario name="ue1">ue1.xml</scenario>	
		<scenario name="ue2">ue2.xml</scenario>
	</testcase>

	<testcase name="Semaphore54" description="Test Semaphore5" state="true">
		<scenario name="ue1">ue1.xml</scenario>	
		<scenario name="ue2">ue2.xml</scenario>
	</testcase>

	<testcase name="Semaphore55" description="Test Semaphore5" state="true">
		<scenario name="ue1">ue1.xml</scenario>	
		<scenario name="ue2">ue2.xml</scenario>
	</testcase>

	<testcase name="Semaphore56" description="Test Semaphore5" state="true">
		<scenario name="ue1">ue1.xml</scenario>	
		<scenario name="ue2">ue2.xml</scenario>
	</testcase>

	<testcase name="Semaphore57" description="Test Semaphore5" state="true">
		<scenario name="ue1">ue1.xml</scenario>	
		<scenario name="ue2">ue2.xml</scenario>
	</testcase>

	<testcase name="Semaphore58" description="Test Semaphore5" state="true">
		<scenario name="ue1">ue1.xml</scenario>	
		<scenario name="ue2">ue2.xml</scenario>
	</testcase>

	<testcase name="Semaphore59" description="Test Semaphore5" state="true">
		<scenario name="ue1">ue1.xml</scenario>	
		<scenario name="ue2">ue2.xml</scenario>
	</testcase>

	<testcase name="Semaphore60" description="Test Semaphore6" state="true">
		<scenario name="ue1">ue1.xml</scenario>	
		<scenario name="ue2">ue2.xml</scenario>
	</testcase>

	<testcase name="Semaphore61" description="Test Semaphore6" state="true">
		<scenario name="ue1">ue1.xml</scenario>	
		<scenario name="ue2">ue2.xml</scenario>
	</testcase>

	<testcase name="Semaphore62" description="Test Semaphore6" state="true">
		<scenario name="ue1">ue1.xml</scenario>	
		<scenario name="ue2">ue2.xml</scenario>
	</testcase>

	<testcase name="Semaphore63" description="Test Semaphore6" state="true">
		<scenario name="ue1">ue1.xml</scenario>	
		<scenario name="ue2">ue2.xml</scenario>
	</testcase>

	<testcase name="Semaphore64" description="Test Semaphore6" state="true">
		<scenario name="ue1">ue1.xml</scenario>	
		<scenario name="ue2">ue2.xml</scenario>
	</testcase>

	<testcase name="Semaphore65" description="Test Semaphore6" state="true">
		<scenario name="ue1">ue1.xml</scenario>	
		<scenario name="ue2">ue2.xml</scenario>
	</testcase>

	<testcase name="Semaphore66" description="Test Semaphore6" state="true">
		<scenario name="ue1">ue1.xml</scenario>	
		<scenario name="ue2">ue2.xml</scenario>
	</testcase>

	<testcase name="Semaphore67" description="Test Semaphore6" state="true">
		<scenario name="ue1">ue1.xml</scenario>	
		<scenario name="ue2">ue2.xml</scenario>
	</testcase>

	<testcase name="Semaphore68" description="Test Semaphore6" state="true">
		<scenario name="ue1">ue1.xml</scenario>	
		<scenario name="ue2">ue2.xml</scenario>
	</testcase>

	<testcase name="Semaphore69" description="Test Semaphore6" state="true">
		<scenario name="ue1">ue1.xml</scenario>	
		<scenario name="ue2">ue2.xml</scenario>
	</testcase>

	<testcase name="Semaphore70" description="Test Semaphore7" state="true">
		<scenario name="ue1">ue1.xml</scenario>	
		<scenario name="ue2">ue2.xml</scenario>
	</testcase>

	<testcase name="Semaphore71" description="Test Semaphore7" state="true">
		<scenario name="ue1">ue1.xml</scenario>	
		<scenario name="ue2">ue2.xml</scenario>
	</testcase>

	<testcase name="Semaphore72" description="Test Semaphore7" state="true">
		<scenario name="ue1">ue1.xml</scenario>	
		<scenario name="ue2">ue2.xml</scenario>
	</testcase>

	<testcase name="Semaphore73" description="Test Semaphore7" state="true">
		<scenario name="ue1">ue1.xml</scenario>	
		<scenario name="ue2">ue2.xml</scenario>
	</testcase>

	<testcase name="Semaphore74" description="Test Semaphore7" state="true">
		<scenario name="ue1">ue1.xml</scenario>	
		<scenario name="ue2">ue2.xml</scenario>
	</testcase>

	<testcase name="Semaphore75" description="Test Semaphore7" state="true">
		<scenario name="ue1">ue1.xml</scenario>	
		<scenario name="ue2">ue2.xml</scenario>
	</testcase>

	<testcase name="Semaphore76" description="Test Semaphore7" state="true">
		<scenario name="ue1">ue1.xml</scenario>	
		<scenario name="ue2">ue2.xml</scenario>
	</testcase>

	<testcase name="Semaphore77" description="Test Semaphore7" state="true">
		<scenario name="ue1">ue1.xml</scenario>	
		<scenario name="ue2">ue2.xml</scenario>
	</testcase>

	<testcase name="Semaphore78" description="Test Semaphore7" state="true">
		<scenario name="ue1">ue1.xml</scenario>	
		<scenario name="ue2">ue2.xml</scenario>
	</testcase>

	<testcase name="Semaphore79" description="Test Semaphore7" state="true">
		<scenario name="ue1">ue1.xml</scenario>	
		<scenario name="ue2">ue2.xml</scenario>
	</testcase>

	<testcase name="Semaphore80" description="Test Semaphore8" state="true">
		<scenario name="ue1">ue1.xml</scenario>	
		<scenario name="ue2">ue2.xml</scenario>
	</testcase>
	
	<testcase name="Semaphore81" description="Test Semaphore8" state="true">
		<scenario name="ue1">ue1.xml</scenario>	
		<scenario name="ue2">ue2.xml</scenario>
	</testcase>

	<testcase name="Semaphore82" description="Test Semaphore8" state="true">
		<scenario name="ue1">ue1.xml</scenario>	
		<scenario name="ue2">ue2.xml</scenario>
	</testcase>

	<testcase name="Semaphore83" description="Test Semaphore8" state="true">
		<scenario name="ue1">ue1.xml</scenario>	
		<scenario name="ue2">ue2.xml</scenario>
	</testcase>

	<testcase name="Semaphore84" description="Test Semaphore8" state="true">
		<scenario name="ue1">ue1.xml</scenario>	
		<scenario name="ue2">ue2.xml</scenario>
	</testcase>

	<testcase name="Semaphore85" description="Test Semaphore8" state="true">
		<scenario name="ue1">ue1.xml</scenario>	
		<scenario name="ue2">ue2.xml</scenario>
	</testcase>

	<testcase name="Semaphore86" description="Test Semaphore8" state="true">
		<scenario name="ue1">ue1.xml</scenario>	
		<scenario name="ue2">ue2.xml</scenario>
	</testcase>

	<testcase name="Semaphore87" description="Test Semaphore8" state="true">
		<scenario name="ue1">ue1.xml</scenario>	
		<scenario name="ue2">ue2.xml</scenario>
	</testcase>

	<testcase name="Semaphore88" description="Test Semaphore8" state="true">
		<scenario name="ue1">ue1.xml</scenario>	
		<scenario name="ue2">ue2.xml</scenario>
	</testcase>

	<testcase name="Semaphore89" description="Test Semaphore8" state="true">
		<scenario name="ue1">ue1.xml</scenario>	
		<scenario name="ue2">ue2.xml</scenario>
	</testcase>

	<testcase name="Semaphore90" description="Test Semaphore9" state="true">
		<scenario name="ue1">ue1.xml</scenario>	
		<scenario name="ue2">ue2.xml</scenario>
	</testcase>

	<testcase name="Semaphore91" description="Test Semaphore9" state="true">
		<scenario name="ue1">ue1.xml</scenario>	
		<scenario name="ue2">ue2.xml</scenario>
	</testcase>

	<testcase name="Semaphore92" description="Test Semaphore9" state="true">
		<scenario name="ue1">ue1.xml</scenario>	
		<scenario name="ue2">ue2.xml</scenario>
	</testcase>

	<testcase name="Semaphore93" description="Test Semaphore9" state="true">
		<scenario name="ue1">ue1.xml</scenario>	
		<scenario name="ue2">ue2.xml</scenario>
	</testcase>

	<testcase name="Semaphore94" description="Test Semaphore9" state="true">
		<scenario name="ue1">ue1.xml</scenario>	
		<scenario name="ue2">ue2.xml</scenario>
	</testcase>

	<testcase name="Semaphore95" description="Test Semaphore9" state="true">
		<scenario name="ue1">ue1.xml</scenario>	
		<scenario name="ue2">ue2.xml</scenario>
	</testcase>

	<testcase name="Semaphore96" description="Test Semaphore9" state="true">
		<scenario name="ue1">ue1.xml</scenario>	
		<scenario name="ue2">ue2.xml</scenario>
	</testcase>

	<testcase name="Semaphore97" description="Test Semaphore9" state="true">
		<scenario name="ue1">ue1.xml</scenario>	
		<scenario name="ue2">ue2.xml</scenario>
	</testcase>

	<testcase name="Semaphore98" description="Test Semaphore9" state="true">
		<scenario name="ue1">ue1.xml</scenario>	
		<scenario name="ue2">ue2.xml</scenario>
	</testcase>

	<testcase name="Semaphore99" description="Test Semaphore9" state="true">
		<scenario name="ue1">ue1.xml</scenario>	
		<scenario name="ue2">ue2.xml</scenario>
	</testcase>

	<testcase name="Semaphore100" description="Test semaphore10" state="true">
		<scenario name="ue1">ue1.xml</scenario>	
		<scenario name="ue2">ue2.xml</scenario>
	</testcase>

</test>
