<?xml version="1.0" encoding="UTF-8"?>
<!-- Related XMLSchema file: conf/schemas/test.xsd -->

<test name="Load tests">

    	<parameter name="[localHostSIP]" operation="system.ipaddress" description="Addresse du XMLloader" />
    	<parameter name="[localHostSIP]" operation="set" value="[localHostSIP(0)]" />
    	<parameter name="[localPortSIP]" operation="file.readproperty" value="sip.properties" value2="listenpoint.LOCAL_PORT" description="Port du XMLloader"/>
    	<parameter name="[localSIP]" operation="set" value="[localHostSIP(0)]:[localPortSIP]" />

   	    <parameter name="[remoteHostSIP]" operation="system.ipaddress" description="Addresse de l'AS" />
    	<parameter name="[remoteHostSIP]" operation="set" value="[remoteHostSIP(0)]" />
    	<parameter name="[remotePortSIP]" operation="file.readproperty" value="sip.properties" value2="listenpoint.LOCAL_PORT" description="Port du XMLloader"/>
    	<!--parameter name="[remotePortSIP]" operation="set" value="5060"/-->    	
    	<parameter name="[remoteSIP]" operation="set" value="[remoteHostSIP(0)]:[remotePortSIP]" />

    	<parameter name="[transport]" operation="set" value="UDP" />

	    <parameter name="[domainName]" operation="set" value="devoteam.com"/>
    	<parameter name="[inviteeName]" operation="set" value="bob"/>
    	<parameter name="[inviterName]" operation="set" value="alice"/>

	    <parameter name="[NumberScenario]" operation="set" value="10"/>	

		<testcase name="Registrar[index]" description="Regristrar SIP agent [index]" state="true" number="1">	  
			<scenario name="[localPortSIP]">Registrar/SIP.xml</scenario>
		</testcase>
	
      	<for index="[index]" from="000" to="[NumberScenario]" step="1">   
	    	<testcase name="[inviteeName][index]" description="load [index]" state="true" number="1">
	        	<parameter name="[inviteeName]" operation="set" value="[inviteeName][index]"/>
   			    <parameter name="[inviterName]" operation="set" value="[inviterName][index]"/>
		
			    <scenario name="UAC">UAC.xml</scenario>
		    </testcase>
	    </for>
	
</test>
