<?xml version="1.0" encoding="UTF-8"?>
<!-- Related XMLSchema file: conf/schemas/test.xsd -->

<test name="Load tests AAA">

    	<parameter name="[TestDurationSec]" operation="set" value="360000" description="Duration (in sec.) of the test"   	    editable="true"/>
	<parameter name="[NumberTestcase]" operation="set" value="10" description="number of testcase"   			        editable="true"/>

	<parameter name="[Local-Host]" operation="system.ipaddress"/>
	<parameter name="[Local-Port]" operation="file.readproperty" value="diameter.properties" value2="node.LISTENING_PORT"/>
	<parameter name="[Local-Address]" operation="set" value="[Local-Host(0)]:[Local-Port]"/>	
	<parameter name="[Local-Realm]" operation="set" value="sip.pfdev.fr"/>

	<parameter name="[Remote-Host]" operation="system.ipaddress"/>
	<parameter name="[Remote-Port]" operation="file.readproperty" value="diameter.properties" value2="node.LISTENING_PORT"/>
	<parameter name="[Remote-Address]" operation="set" value="[Remote-Host(0)]:[Remote-Port]"/>
	<parameter name="[Remote-Realm]" operation="set" value="sip.pfdev.fr"/>

	<!--                       -->
    	<!-- RUNPROFILE PARAMETERS -->
    	<!--                       -->    
    	<runProfile>
        	<step time="0" period="0"/>
        	<end delay="[TestDurationSec]"/>
    	</runProfile>
	
  	<for index="[index]" from="000" to="[NumberTestcase]" step="1"> 
		<testcase name="UNIT-[index]" description="load [index]" state="true" number="1">
			<scenario name="client">client.xml</scenario>
			<scenario name="server">server.xml</scenario>	
		</testcase>
	</for>
</test>

