<?xml version="1.0" encoding="UTF-8"?>
<!-- Related XMLSchema file: conf/schemas/test.xsd -->

<test name="Load tests AAA">
	<parameter name="[IPVersion]" operation="set"	value="4" editable="true" />
	<parameter name="[TestDurationSec]" operation="set" value="300" description="Duration (in sec.) of the test" editable="true"/>
	<parameter name="[NumberTestcase]" operation="set" value="60" description="number of testcase" editable="true"/>

	<parameter name="[localHostDIA]" operation="system.ipaddress" value2="[IPVersion]"/>
	<parameter name="[localPortDIA]" operation="file.readproperty" value="diameter.properties" value2="listenpoint.LOCAL_PORT"/>
	<parameter name="[localDIA]" operation="set" value="[localHostDIA(0)]:[localPortDIA]"/>	
	<parameter name="[localRealmDIA]" operation="set" value="sip.pfdev.fr"/>

	<parameter name="[remoteHostDIA]" operation="system.ipaddress" value2="[IPVersion]"/>
	<!--parameter name="[remoteHostDIA]" operation="set" value="192.168.0.1"/-->
	<parameter name="[remotePortDIA]" operation="file.readproperty" value="diameter.properties" value2="listenpoint.LOCAL_PORT"/>
	<!--parameter name="[remotePortDIA]" operation="set" value="3869"/-->
	<parameter name="[remoteDIA]" operation="set" value="[remoteHostDIA(0)]:[remotePortDIA]"/>
	<parameter name="[remoteRealmDIA]" operation="set" value="sip.pfdev.fr"/>

	<!--                       -->
    	<!-- RUNPROFILE PARAMETERS -->
    	<!--                       -->    
    	<runProfile>
        	<step time="0" period="0"/>
        	<end delay="[TestDurationSec]"/>
    	</runProfile>
	
  	<for index="[index]" from="000" to="[NumberTestcase]" step="1"> 
		<testcase name="UNIT-[index]" description="load [index]" state="true" number="1">
			<scenario name="client">client.xml</scenario>
			<scenario name="server">server.xml</scenario>	
		</testcase>
	</for>
</test>

