<?xml version="1.0" encoding="UTF-8"?>
<!-- Related XMLSchema file: conf/schemas/test.xsd -->

<test name="Load tests">

    	<parameter name="[TryingDuration]" operation="set" value="0.100" description="Duration (in sec.) between 100 and 180"  			editable="true"/>
    	<parameter name="[RingingDuration]" operation="set" value="3" description="Duration (in sec.) between 180 and 200"     			editable="true"/>
    	<parameter name="[CallDurationSec]" operation="set" value="300" description="Duration (in sec.) of the call"           			editable="true"/>    	
    	<parameter name="[CAPS]" operation="set" value="30" description="Call Attempting per Second"                           			editable="true"/>
    	<parameter name="[TestDurationSec]" operation="set" value="3600" description="Duration (in sec.) of the test "         		    	editable="true"/>
    	<parameter name="[NumberUserDatabase]" operation="set" value="9999" description="Number of users provisionned in the database"         	editable="true"/>

	<!--                     -->
    	<!-- INTERNAL PARAMETERS -->
    	<!--                     -->
	<parameter name="[delayINVITE]" operation="set" value="1000" description="Delay (in sec.) between two INVITE"/>
	<parameter name="[temp]" operation="multiply" value="[CAPS]" value2="[delayINVITE]"/>	
	<parameter name="[NumberScenario]" operation="divide" value="[temp]" value2="1000" description="Number of UAC testcases in the test"/>	
	
    	<parameter name="[Host-Tester]" operation="setFromSystem" value="IPAddress" value2="eth0" description="Addresse du XMLloader" />
    	<parameter name="[Port-Tester]" operation="setFromConfig" value="sip.properties" value2="DEFAULT_PORT" description="Port du XMLloader"/>
    	<parameter name="[Adresse-Tester]" operation="set" value="[Host-Tester(0)]:[Port-Tester]" />

   	<parameter name="[Host-Server]" operation="setFromSystem" value="IPAddress" value2="eth0" description="Addresse de l'AS" />
        <!--parameter name="[Host-Server]" operation="set" value="172.16.21.194" description="Addresse de l'AS" /-->	
    	<parameter name="[Port-Server]" operation="setFromConfig" value="sip.properties" value2="DEFAULT_PORT" description="Port du XMLloader"/>
    	<parameter name="[Port-Server]" operation="set" value="7070"/>    	
    	<parameter name="[Adresse-Server]" operation="set" value="[Host-Server(0)]:[Port-Server]" />

	<parameter name="[domainName]" operation="set" value="[Adresse-Server]"/>
    	<parameter name="[inviteeName]" operation="set" value="92"/>
    	<parameter name="[inviterName]" operation="set" value="91"/>
				
	<!--                   -->
    	<!-- RUNNER PARAMETERS -->
    	<!--                   -->
	
    	<runner>
        	<property name="runner.TEST_DURATION"       value="[TestDurationSec]"/>
        	<property name="runner.STARTUP_DURATION"    value="10"/>        
        	<property name="runner.PERIOD"              value="0"/>               
        	<property name="runner.STRICT_PERIOD"       value="false"/>               
    	</runner>

	<testcase name="Client Registration" description="Registering users"	 state="false" number="1">
		<scenario name="Register">register.xml</scenario>
	</testcase>
	
	<testcase name="Client Unregistration" description="Unregistering users"	 state="false" number="1">
		<scenario name="Unregister">unregister.xml</scenario>
	</testcase>
		
  	<for index="[number1]" from="1" to="[NumberScenario]" step="1">   
		<testcase name="UAS[inviteeName]" description="load UAS" state="true">
			<scenario name="[Port-Tester]">UAS.xml</scenario>
		</testcase>		
	</for>
	
</test>
