<?xml version="1.0" encoding="UTF-8"?>
<!-- Related XMLSchema file: conf/schemas/test.xsd -->

<test name="Load tests">

	     <!--                     -->
    	 <!-- INTERNAL PARAMETERS -->
    	 <!--                     -->
    	<parameter name="[Host-Tester]" operation="system.ipaddress" description="Addresse du XMLloader" />
    	<parameter name="[Port-Tester]" operation="file.readproperty" value="sip.properties" value2="listenpoint.LOCAL_PORT" description="Port du XMLloader"/>
    	<parameter name="[Adresse-Tester]" operation="set" value="[Host-Tester(0)]:[Port-Tester]" />

	    <parameter name="[transport]" operation="set" value="udp"/>
	
	    <!--                   -->
    	<!-- RUNPROFILE PARAMETERS -->
    	<!--                   -->	
    	<runProfile>
            <step time="0" frequency="1000"/>
            <end iteration="60000"/>
    	</runProfile>

  		<testcase name="UA" description="load [number]" state="true" number="1">    			
			     <scenario name="UA">UA.xml</scenario>
		  </testcase>
	
</test>
