<?xml version="1.0" encoding="UTF-8"?>
<!-- Related XMLSchema file: conf/schemas/test.xsd -->

<test name="Load tests">

	     <!--                     -->
    	 <!-- INTERNAL PARAMETERS -->
    	 <!--                     -->
    	<parameter name="[Host-Tester]" operation="system.ipaddress" description="Addresse du XMLloader" />
    	<parameter name="[Host-Tester]" operation="set" value="[Host-Tester(0)]" description="Addresse du XMLloader" />
    	<parameter name="[Port-Tester]" operation="file.readproperty" value="sip.properties" value2="listenpoint.LOCAL_PORT" description="Port du XMLloader"/>
    	<parameter name="[Port-Tester]" operation="set" value="47080" description="Addresse du XMLloader" />
    	<parameter name="[Adresse-Tester]" operation="set" value="[Host-Tester(0)]:[Port-Tester]" />

	    <parameter name="[transport]" operation="set" value="udp"/>
	
    	<runProfile>
            <step time="0" frequency="10000"/>
            <end iteration="5000"/>
    	</runProfile>

  		<testcase name="UA 1" description="load UA" state="true" number="1">
			     <scenario name="UA">UA.xml</scenario>
		  </testcase>
		  
		  <testcase name="UA 2" description="load UA" state="true" number="1">
			     <scenario name="UA">UA.xml</scenario>
		  </testcase>
	
</test>
