<?xml version="1.0" encoding="UTF-8" standalone="no"?>
<test name="Load test SIP_RTP">

    <parameter description="Duration (in sec.) of the call" editable="true" name="[CallDurationSec]" operation="set" value="30"/>    	       	       
    <parameter description="Duration (in sec.) of the test " editable="true" name="[TestDurationSec]" operation="set" value="600000"/>   	       
    <parameter description="Number of simultaneous testcase (call) in parallel" editable="true" name="[TestcaseNumber]" operation="set" value="80"/>
    <parameter description="Dialing delay (in seconds) : time between INVITE and 180 response" editable="true" name="[dialingDelay]" operation="set" value="0.5"/>    	       	       
    <parameter description="Time spacing (in seconds) : time between real and theorical timestamp" editable="true" name="[timeSpacing]" operation="set" value="0.005"/>    	       	       
    <parameter description="Packets lost (in percent)" editable="true" name="[packetLost]" operation="set" value="0.1"/>    	       	       

    <parameter description="Domain name for inviter and invitee identities" editable="true" name="[domainName]" operation="set" value="devoteam.com"/>
    <parameter description="Inviter user name" editable="true" name="[inviter]" operation="set" value="bob"/>
    <parameter description="Invitee user name" editable="true" name="[invitee]" operation="set" value="alice"/>	
	
    <parameter name="[localHostSIP]" operation="system.ipaddress" value="eth0"/>        
    <!-- parameter name="[localPortSIP]" operation="file.readproperty" value="sip.properties" value2="listenpoint.DEFAULT_PORT" description="Remote host for the SIP protocol"/-->
    <parameter description="local port for the SIP protocol" name="[localPortSIP]" operation="set" value="7070"/>    
    <parameter name="[remoteHostSIP]" operation="system.ipaddress" value="eth0"/>
    <!--parameter name="[remotePortSIP]" operation="file.readproperty" value="sip.properties" value2="listenpoint.DEFAULT_PORT" description="Remote port for the SIP protocol"/-->
    <parameter description="Remote port for the SIP protocol" name="[remotePortSIP]" operation="set" value="7070"/>
        
    <parameter name="[localHostRTP]" operation="system.ipaddress" value="eth0"/>
    <parameter description="Start of the range port for the RTP protocol for the inviter" editable="true" name="[inviterBaseRTP]" operation="set" value="15000"/>
    <parameter name="[remoteHostRTP]" operation="system.ipaddress" value="eth0"/>    
    <parameter description="Start of the range port for the RTP protocol for the invitee" editable="true" name="[inviteeBaseRTP]" operation="set" value="16000"/>
                      
    <parameter editable="true" name="[filename]" operation="set" value="rtpflow.wav"/>
    <parameter name="fileWave" operation="file.readwave" value="[filename]" value2="20"/>
    <parameter name="[payloadList]" operation="set" value="[[fileWave(0)]]"/>
    <parameter name="[payloadType]" operation="set" value="[[fileWave(1)]]"/>
    <parameter name="[bitRate]" operation="set" value="[[fileWave(2)]]"/>
    <parameter name="[nbPacket]" operation="list.size" value="[payloadList]"/>
           	              	                  	       
    <for from="01" index="[number]" step="1" to="[TestcaseNumber]">          	       

    	<testcase description="Call with mixed SIP/RTP protocol" name="call[number]" state="true">
		    <parameter name="[inviter]" operation="set" value="bob[number]"/>
    		<parameter name="[invitee]" operation="set" value="alice[number]"/>
            <parameter name="[nb]" operation="set" value="[number]"/>
    		<parameter name="[num]" operation="number.multiply" value="[number]" value2="2"/>
            <parameter name="[remotePortRTP]" operation="number.add" value="[inviteeBaseRTP]" value2="[num]"/>
            <parameter name="[localPortRTP]" operation="number.add" value="[inviterBaseRTP]" value2="[num]"/>

            <runProfile>
                <start delay="[number]"/>
                <step period="0" time="0"/>
                <step period="0" time="5"/>
                <end delay="[TestDurationSec]"/>
            </runProfile>

        	<scenario file="UAC.xml" name="bob[number]" routingName="bob[number]"/>
        	<scenario file="UAS.xml" name="alice[number]" routingName="alice[number]"/>
    	</testcase>

    </for>
    
</test>
