<?xml version="1.0" encoding="UTF-8"?>
<!-- Related XMLSchema file: conf/schemas/test.xsd -->

<test name="Load tests">

    	<parameter name="[TryingDuration]" operation="set" value="0.100" description="Duration (in sec.) between 100 and 180"  			editable="true"/>
    	<parameter name="[RingingDuration]" operation="set" value="3" description="Duration (in sec.) between 180 and 200"     			editable="true"/>
    	<parameter name="[CallDurationSec]" operation="set" value="30" description="Duration (in sec.) of the call"           			editable="true"/>    	
    	<parameter name="[CAPS]" operation="set" value="1" description="Call Attempting per Second"                           			editable="true"/>
    	<parameter name="[TestDurationSec]" operation="set" value="5" description="Duration (in sec.) of the test "         		    	editable="true"/>
    	<parameter name="[NumberUserDatabase]" operation="set" value="10" description="Number of users provisionned in the database"         	editable="true"/>
	<!--                     -->
	
		<parameter name="[freeInvitersNames]" operation="set" value="alice0"/>
		<parameter name="[freeInvitersNames]" operation="addLast" 	value="[freeInvitersNames]"	value2="alice1"/>
		<parameter name="[freeInvitersNames]" operation="addLast" 	value="[freeInvitersNames]"	value2="alice2"/>
		<parameter name="[freeInvitersNames]" operation="addLast" 	value="[freeInvitersNames]"	value2="alice3"/>
		<parameter name="[freeInvitersNames]" operation="addLast" 	value="[freeInvitersNames]"	value2="alice4"/>
		<parameter name="[freeInvitersNames]" operation="addLast" 	value="[freeInvitersNames]"	value2="alice5"/>
		<parameter name="[freeInvitersNames]" operation="addLast" 	value="[freeInvitersNames]"	value2="alice6"/>
		<parameter name="[freeInvitersNames]" operation="addLast" 	value="[freeInvitersNames]"	value2="alice7"/>
		<parameter name="[freeInvitersNames]" operation="addLast" 	value="[freeInvitersNames]"	value2="alice8"/>
		<parameter name="[freeInvitersNames]" operation="addLast" 	value="[freeInvitersNames]"	value2="alice9"/>
		
		<parameter name="[freeInviteesNames]" operation="set" value="bob0"/>
		<parameter name="[freeInviteesNames]" operation="addLast" value="[freeInviteesNames]" value2="bob1"/>
		<parameter name="[freeInviteesNames]" operation="addLast" value="[freeInviteesNames]" value2="bob2"/>
		<parameter name="[freeInviteesNames]" operation="addLast" value="[freeInviteesNames]" value2="bob3"/>
		<parameter name="[freeInviteesNames]" operation="addLast" value="[freeInviteesNames]" value2="bob4"/>
		<parameter name="[freeInviteesNames]" operation="addLast" value="[freeInviteesNames]" value2="bob5"/>
		<parameter name="[freeInviteesNames]" operation="addLast" value="[freeInviteesNames]" value2="bob6"/>
		<parameter name="[freeInviteesNames]" operation="addLast" value="[freeInviteesNames]" value2="bob7"/>
		<parameter name="[freeInviteesNames]" operation="addLast" value="[freeInviteesNames]" value2="bob8"/>
		<parameter name="[freeInviteesNames]" operation="addLast" value="[freeInviteesNames]" value2="bob9"/>
		
		<parameter name="[testcase:SEMusers]" operation="system.semaphorenotify" value="1"/>
	
    	<!-- INTERNAL PARAMETERS -->
    	<!--                     -->
	<parameter name="[delayINVITE]" operation="set" value="1000" description="Delay (in sec.) between two INVITE"/>
	<parameter name="[temp]" operation="multiply" value="[CAPS]" value2="[delayINVITE]"/>	
	<parameter name="[NumberScenario]" operation="divide" value="[temp]" value2="1000" description="Number of UAC testcases in the test"/>	
	
	<parameter name="[NumberUserDatabase]" operation="substract" value="[NumberUserDatabase]" value2="1"/>
	
    	<parameter name="[Host-Tester]" operation="setFromSystem" value="IPAddress" value2="eth0" description="Addresse du XMLloader" />
    	<parameter name="[Port-Tester]" operation="setFromConfig" value="sip.properties" value2="DEFAULT_PORT" description="Port du XMLloader"/>
    	<parameter name="[Adresse-Tester]" operation="set" value="[Host-Tester(0)]:[Port-Tester]" />

		<parameter name="[Host-Server]" operation="set" value="192.168.130.20" description="PCSCF Address"/>
    	<parameter name="[Port-Server]" operation="set" value="4060"/>    	
    	<parameter name="[Adresse-Server]" operation="set" value="[Host-Server(0)]:[Port-Server]" />

		<parameter name="[domainName]" operation="set" value="ims.net"/>
    	<parameter name="[inviteeName]" operation="set" value="bob"/>
    	<parameter name="[inviterName]" operation="set" value="alice"/>
		<parameter name="[index]" operation="set" value="0"/>
	
	<!-- Temporary due to bug with 2 <for> tag in the test file -->	 	  	
	<parameter name="[index1]" operation="set" value="0"/>	  	  	
		
	<!--                   -->
    	<!-- RUNNER PARAMETERS -->
    	<!--                   -->
	
    	<runner>
        	<property name="runner.TEST_DURATION"       value="1"/>
        	<property name="runner.STARTUP_DURATION"    value="1"/>        
        	<property name="runner.PERIOD"              value="1"/>               
        	<property name="runner.STRICT_PERIOD"       value="true"/>               
    	</runner>

	<testcase name="Client Registration" description="Registering users"	 state="true" number="1">
		<scenario name="Register">register.xml</scenario>
	</testcase>

	<testcase name="Client Unregistration" description="Unregistering users"	 state="true" number="1">
		<scenario name="Unregister">unregister.xml</scenario>
	</testcase>
	
	<!-- Temporary due to bug with 2 <for> tag in the test file -->
  	<!--for index="[index1]" from="001" to="[NumberScenario]" step="1"-->   
		<testcase name="[inviteeName][index1]" description="load [index1]" state="true" number="1">   			
			<scenario name="[Port-Tester]">UAS.xml</scenario>
		</testcase>
		<!--parameter name="[index1]" operation="set" value="001"/-->	  	
		<testcase name="[inviteeName][index1]" description="load [index1]" state="true" number="1">
			<scenario name="[Port-Tester]">UAS.xml</scenario>
		</testcase>
		<!--parameter name="[index1]" operation="set" value="001"/-->	  	
		<testcase name="[inviteeName][index1]" description="load [index1]" state="true" number="1">
			<scenario name="[Port-Tester]">UAS.xml</scenario>
		</testcase>
		<!--parameter name="[index1]" operation="set" value="001"/-->	  	
		<testcase name="[inviteeName][index1]" description="load [index1]" state="true" number="1">
			<scenario name="[Port-Tester]">UAS.xml</scenario>
		</testcase>
		<!--parameter name="[index1]" operation="set" value="001"/-->	  	
		<testcase name="[inviteeName][index1]" description="load [index1]" state="true" number="1">
			<scenario name="[Port-Tester]">UAS.xml</scenario>
		</testcase>		

	<testcase name="SAR - forced unregistration" description="SAR" state="false">    			
		<scenario name="SAR">SAR.xml</scenario>
	</testcase>
		
  	<for index="[number]" from="001" to="[NumberScenario]" step="1">   
  		<testcase name="[inviterName][number]" description="load [number]" state="true" number="1">    			
			<scenario name="UAC">UAC.xml</scenario>
		</testcase>
	</for>
		
</test>
