<?xml version="1.0" encoding="UTF-8" standalone="no"?>
<test name="Load tests">

    <parameter name="[speedTrans]" operation="set" value="10000" description="number of transaction per second" editable="true" />	
    <parameter name="[TestDurationSec]" operation="set" value="3000000" description="Duration (in sec.) of the test" editable="true" />
    <parameter name="[NumberTestcase]" operation="set" value="10" description="number of testcase" editable="true" />
    
    <parameter name="[localHostDIAM]" operation="system.ipaddress"/>
    <parameter name="[localHostDIAM]" operation="set" value="[localHostDIAM(0)]"/>
    <!--parameter name="[localHostDIAM]" operation="set" value="17.16.21.32"/-->
    <parameter name="[localPortDIAM]" operation="file.readproperty" value="diameter.properties" value2="listenpoint.LOCAL_PORT"/>
    <parameter name="[localDIAM]" operation="set" value="[localHostDIAM(0)]:[localPortDIAM]"/>	
    <parameter name="[localRealmDIAM]" operation="set" value="sip.pfdev.fr"/>
    
    <parameter name="[remoteHostDIAM]" operation="system.ipaddress"/>
    <parameter operation="set" value="[remoteHostDIAM(0)]" editable="true" name="[remoteHostDIAM]" />
    <!--parameter name="[remoteHostDIAM]" operation="set" value="17.16.21.32" editable="true"/-->
    <parameter name="[remotePortDIAM]" operation="file.readproperty" value="diameter.properties" value2="listenpoint.LOCAL_PORT"/>
    <parameter operation="set" value="[remotePortDIAM]" editable="true" name="[remotePortDIAM]" />
    <!--parameter name="[remotePortDIAM]" operation="set" value="3868" editable="true"/-->
    <parameter name="[remoteDIAM]" operation="set" value="[remoteHostDIAM(0)]:[remotePortDIAM]"/>
    <parameter name="[remoteRealmDIAM]" operation="set" value="sip.pfdev.fr"/>
    
    <parameter name="[vendorID]" operation="set" value="3GPP:10415" description="vendor ID" editable="true" />
    
    <parameter name="[speedTestcase]" operation="number.divide" value="[speedTrans]" value2="[NumberTestcase]"/>	
    
    <!--                       -->
    <!-- RUNPROFILE PARAMETERS -->
    <!--                       -->    
    <runProfile>
      	<step frequency="[speedTestcase]" time="0"/>
      	<end delay="[TestDurationSec]"/>
    </runProfile>
    
    <for from="001" index="[index]" step="1" to="[NumberTestcase]"> 
    
        <testcase description="load [index]" name="UNIT-[index]" number="1" state="true">
            <parameter name="[applicationID]" operation="set" value="3GPP Cx:16777216"/>
            <scenario file="client.xml" name="aaa-client" routingName="aaa-client"/>
            <scenario file="server.xml" name="aaa-server" routingName="aaa-server"/>	
    
        </testcase>
    
    </for>
    
</test>
