<?xml version="1.0" encoding="UTF-8" standalone="no"?>
<test name="Samples">
	
  <parameter name="[RangeUser]" operation="set" value="1000000" description="range for the user id" editable="true" />
  <parameter name="[test:semSetup]" operation="system.semaphorenotify" value="1"/>
  <parameter name="[test:setupId]" operation="set" value="0000000"/>    
  <parameter name="[test:enterSemaphore]" operation="set" value="false"/>  
  
	<testcase description="Test semaphore" name="Semaphore1" state="true">
		<scenario file="ue1.xml" name="ue1" routingName="ue1"/>	
	</testcase>

	<testcase description="Test semaphore" name="Semaphore2" state="true">
		<scenario file="ue1.xml" name="ue1" routingName="ue1"/>	
	</testcase>

	<testcase description="Test semaphore" name="Semaphore3" state="true">
		<scenario file="ue1.xml" name="ue1" routingName="ue1"/>	
	</testcase>

	<testcase description="Test semaphore" name="Semaphore4" state="true">
		<scenario file="ue1.xml" name="ue1" routingName="ue1"/>	
	</testcase>

	<testcase description="Test semaphore" name="Semaphore5" state="true">
		<scenario file="ue1.xml" name="ue1" routingName="ue1"/>	
	</testcase>

	<testcase description="Test semaphore" name="Semaphore6" state="true">
		<scenario file="ue1.xml" name="ue1" routingName="ue1"/>	
	</testcase>

	<testcase description="Test semaphore" name="Semaphore7" state="true">
		<scenario file="ue1.xml" name="ue1" routingName="ue1"/>	
	</testcase>

	<testcase description="Test semaphore" name="Semaphore8" state="true">
		<scenario file="ue1.xml" name="ue1" routingName="ue1"/>	
	</testcase>

	<testcase description="Test semaphore" name="Semaphore9" state="true">
		<scenario file="ue1.xml" name="ue1" routingName="ue1"/>	
	</testcase>

	<testcase description="Test semaphore" name="Semaphore10" state="true">
		<scenario file="ue1.xml" name="ue1" routingName="ue1"/>	
	</testcase>

</test>
