<?xml version="1.0" encoding="UTF-8"?>
<!-- Related XMLSchema file: conf/schemas/test.xsd -->

<test name="Load tests">

    	<parameter name="[TryingDuration]" operation="set" value="0.1" description="Duration (in sec.) between 100 and 180"  	editable="true"/>
    	<parameter name="[RingingDuration]" operation="set" value="4" description="Duration (in sec.) between 180 and 200"     	editable="true"/>
    	<parameter name="[CallDuration1]" operation="set" value="30" description="Duration (in sec.) of the call"           	editable="true"/>
    	<parameter name="[CallDuration2]" operation="set" value="40" description="Duration (in sec.) of the call"           	editable="true"/>          	
    	<parameter name="[CAPS]" operation="set" value="50" description="Call Attempting per Second"                           	editable="true"/>
    	<parameter name="[RatioOrig]" operation="set" value="0" description="Ratio (in percent) ) for the originating call"    editable="true"/>
    	<parameter name="[DelayDurationSec]" operation="set" value="0" description="Delay (in second) before the test starts"  editable="true"/>
    	<parameter name="[TestDurationDay]" operation="set" value="0" description="Duration (in day) of the test "        		editable="true"/>
    	<parameter name="[TestDurationHour]" operation="set" value="0" description="Duration (in hour) of the test "        	editable="true"/>
    	<parameter name="[TestDurationMin]" operation="set" value="5" description="Duration (in min.) of the test "         	editable="true"/>    	
    	<parameter name="[TestDurationSec]" operation="set" value="0" description="Duration (in sec.) of the test "         	editable="true"/>    	
    	<parameter name="[RangeIndexUser]" operation="set" value="0" description="Index of the range of the user phone number" editable="true"/>
    	<parameter name="[NumberScenario]" operation="set" value="7" description="Number of testcase for the responder"       editable="true"/>
     	<parameter name="[incTime]" operation="set" value="10" description="Index of the time for the load profile"           editable="true"/>
 	    <parameter name="[incFreq]" operation="set" value="10" description="Index of the frequence for the load profile"       editable="true"/>
 	    <parameter name="[iterNumber]" operation="set" value="1" description="Number of iteration in the load profile"        editable="true"/>
      <parameter name="[iterNumber]" operation="number.substract" value="[iterNumber]" value2="1"/> 	    
                     	
	    <!--                     -->
    	<!-- INTERNAL PARAMETERS -->
    	<!--                     -->	
    	<parameter name="[Host-Tester]" operation="system.ipaddress" value="eth0" description="Host du IMSloader"/>
    	<!--parameter name="[Host-Tester]" operation="set" value="172.20.113.3" description="Host du IMSloader"	editable="true"/-->
    	<!--parameter name="[Host-Tester]" operation="set" value="172.16.21.129" description="Host du IMSloader"	editable="true"/-->
    	<!--parameter name="[Port-Tester]" operation="setFromConfig" value="sip.properties" value2="listenpoint.DEFAULT_PORT" description="Port du IMSloader"/-->
    	<parameter name="[Port-Tester]" operation="set" value="7070" description="Port du IMSloader"/>
    	<parameter name="[Adresse-Tester]" operation="set" value="[Host-Tester(0)]:[Port-Tester]" description="Addresse du IMSloader"/>


   	  <parameter name="[Host-Server]" operation="system.ipaddress" value="eth0" description="Addresse de l'AS" />
      <!-- old AS -->
      <!-- PETRUS -->
      <!--parameter name="[Host-Server]" operation="set" value="172.20.113.2" description="Addresse de l'AS" 		editable="true"/-->	
	    <!-- MARGAUX -->
      <!--parameter name="[Host-Server]" operation="set" value="ftnp1csas1clfront.sip.mobistar.fr" description="Addresse de l'AS" 		editable="true"/-->
      <!-- APPLICATION ROUTER -->
      <parameter name="[Host-Server]" operation="set" value="172.20.113.14" description="Addresse de AR (Application Router)" 		editable="true"/>      	        
    	<!--parameter name="[Port-Server]" operation="setFromConfig" value="sip.properties" value2="listenpoint.DEFAULT_PORT" description="Port de l'AS"/-->
      <!--parameter name="[Port-Server]" operation="set" value="7070" description="Port de l'AS"/-->    	    
      <parameter name="[Port-Server]" operation="set" value="5060" description="Port de l'AS"				editable="true"/>      
    	<parameter name="[Adresse-Server]" operation="set" value="[Host-Server(0)]:[Port-Server]"/>

   	  <parameter name="[Host-AS]" operation="system.ipaddress" value="eth0" description="Addresse de l'AR (Application Router)" />
      <!-- old AS -->
      <!-- PETRUS -->
      <!--parameter name="[Host-AS]" operation="set" value="172.20.113.2" description="Addresse de l'AS" 		editable="true"/-->	
	    <!-- MARGAUX -->
      <!--parameter name="[Host-AS]" operation="set" value="ftnp1csas1clfront.sip.mobistar.fr" description="Addresse de l'AS" 		editable="true"/-->
      <!-- APPLICATION ROUTER -->
      <parameter name="[Host-AS]" operation="set" value="172.20.113.2" description="Addresse de l'AS" 		editable="true"/>      	        
    	<!--parameter name="[Port-AS]" operation="setFromConfig" value="sip.properties" value2="listenpoint.DEFAULT_PORT" description="Port de l'AS"/-->
      <!--parameter name="[Port-AS]" operation="set" value="7070" description="Port de l'AS"/-->    	    
      <parameter name="[Port-AS]" operation="set" value="5060" description="Port de l'AS (Application server)"				editable="true"/>      
    	<parameter name="[Adresse-AS]" operation="set" value="[Host-AS(0)]:[Port-AS]"/>
	
	    <parameter name="[RangeNumberUser]" operation="set" value="5000"/>
	    <parameter name="[userDomain]" operation="set" value="sip.pfdev.fr"/>
	    
	<!-- calculate the test duration -->			
	<parameter name="[TestDurationDay]" operation="number.multiply" value="[TestDurationDay]" value2="24"/>
	<parameter name="[TestDurationHour]" operation="number.add" value="[TestDurationHour]" value2="[TestDurationDay]"/>				
	<parameter name="[TestDurationHour]" operation="number.multiply" value="[TestDurationHour]" value2="60"/>
	<parameter name="[TestDurationMin]" operation="number.add" value="[TestDurationMin]" value2="[TestDurationHour]"/>					
	<parameter name="[TestDurationMin]" operation="number.multiply" value="[TestDurationMin]" value2="60"/>
	<parameter name="[TestDurationSec]" operation="number.add" value="[TestDurationSec]" value2="[TestDurationMin]"/>							
	
	<parameter name="[RangePortRTP-UAC]" operation="set" value="29000"/>				
	<parameter name="[RangePortRTP-UAS]" operation="set" value="39000"/>
				
    <parameter name="[CallDuration]" operation="set" value="[CallDuration1]"/>				
				
	<!--                   -->
	<!-- CSV PARAMETERS -->
	<!--                   -->
	<parameter name="[inviterTab]" operation="file.readCsv" value="./testAS_uac.csv" value2="inviter" />
	<parameter name="[inviteeTab]" operation="file.readCsv" value="./testAS_uas.csv" value2="invitee" />    	
	    	
	<parameter name="[test:indexUser]" operation="set" value="0"/>
		 		
    <for index="[index]" from="1" to="[NumberScenario]" step="1">
	   <testcase name="responder[index]" interruptible="false" description="passive testcase for reponse and subsequent management" state="true">   			

        	<!--                       -->
            <!-- RUNPROFILE PARAMETERS -->
            <!--                       -->    
            <runProfile>
                <start delay="[DelayDurationSec]"/>
                <step time="0" period="0"/>
                <end delay="[TestDurationSec]"/>
            </runProfile>

		    <scenario name="[Port-Tester]">reponder/responder.xml</scenario>

	   </testcase>
    </for>

  <for index="[index]" from="0" to="[iterNumber]" step="1">
  
  	<testcase name="loader_orig" description="passive testcase for invite sending" state="true">

    	<!--                       -->
        <!-- RUNPROFILE PARAMETERS -->
        <!--                       -->    
        <parameter name="[temp]" operation="number.substract" value="100" value2="[RatioOrig]" />
        <parameter name="[CAPSTerm]" operation="number.multiply" value="[CAPS]" value2="[temp]" />
        <parameter name="[CAPSTerm]" operation="number.divide" value="[CAPSTerm]" value2="100" />
        <parameter name="[startDelay]" operation="number.multiply" value="[incTime]" value2="[index]"/>
       	<parameter name="[DurationTemp]" operation="number.substract" value="[TestDurationSec]" value2="[startDelay]"/>        
        <parameter name="[startDelay]" operation="number.add" value="[startDelay]" value2="[DelayDurationSec]"/>                    	
        <runProfile>
            <start delay="[startDelay]"/>
              <step time="0" frequency="[incFreq]"/>
            <end delay="[DurationTemp]"/>
        </runProfile>
      			
		    <scenario name="loader_orig_[index]">orig/loader.xml</scenario>

	</testcase>
  
	   <testcase name="loader_term" description="passive testcase for invite sending" state="true">

    	<!--                       -->
        <!-- RUNPROFILE PARAMETERS -->
        <!--                       -->    
        <parameter name="[temp]" operation="number.substract" value="100" value2="[RatioOrig]" />
        <parameter name="[CAPSTerm]" operation="number.multiply" value="[CAPS]" value2="[temp]" />
        <parameter name="[CAPSTerm]" operation="number.divide" value="[CAPSTerm]" value2="100" />
        <parameter name="[startDelay]" operation="number.multiply" value="[incTime]" value2="[index]"/>
       	<parameter name="[TestDurationSec]" operation="number.substract" value="[TestDurationSec]" value2="[startDelay]"/>        
        <parameter name="[startDelay]" operation="number.add" value="[startDelay]" value2="[DelayDurationSec]"/>                    	
        <runProfile>
            <start delay="[startDelay]"/>
              <step time="0" frequency="[incFreq]"/>
            <end delay="[TestDurationSec]"/>
        </runProfile>
      			
		    <scenario name="loader_term_[index]">term/loader.xml</scenario>

	</testcase>
	</for>
	
</test>
