<?xml version="1.0" encoding="UTF-8" standalone="no"?>
<test name="Load tests SIP">

	<parameter description="Duration (in sec.) between 100 and 180" editable="true" name="[TryingDuration]" operation="set" value="0.1"/>
	<parameter description="Duration (in sec.) between 180 and 200" editable="true" name="[RingingDuration]" operation="set" value="3"/>
	<parameter description="Duration (in sec.) of the call" editable="true" name="[CallDurationSec]" operation="set" value="60"/>    	
	<parameter description="Call Attempting per Second" editable="true" name="[CAPS]" operation="set" value="50"/>
	<parameter description="Duration (in day) of the test " editable="true" name="[TestDurationDay]" operation="set" value="0"/>
	<parameter description="Duration (in hour) of the test " editable="true" name="[TestDurationHour]" operation="set" value="0"/>
	<parameter description="Duration (in min.) of the test " editable="true" name="[TestDurationMin]" operation="set" value="5"/>    	
	<parameter description="Duration (in sec.) of the test " editable="true" name="[TestDurationSec]" operation="set" value="0"/>    	
	<parameter description="Index of the range of the user phone number" editable="true" name="[RangeIndexUser]" operation="set" value="0"/>
	<parameter description="Index of the range of the user phone number" editable="true" name="[NumberScenario]" operation="set" value="10"/>
	
    	<!--                     -->
	<!-- INTERNAL PARAMETERS -->
	<!--                     -->	
	<parameter editable="true" name="[IPVersion]" operation="set" value="4"/>
	<parameter description="Host du IMSloader" name="[localHostSIP]" operation="system.ipaddress" value2="[IPVersion]"/>
	<parameter name="[localHostSIP]" operation="set" value="[localHostSIP(0)]"/>
	<!--parameter name="[localHostSIP]" operation="set" value="172.20.113.3" description="Host du IMSloader"	editable="true"/-->
	<!--parameter name="[localHostSIP]" operation="set" value="172.16.21.129" description="Host du IMSloader"	editable="true"/-->
	<!--parameter name="[localPortSIP]" operation="setFromConfig" value="sip.properties" value2="listenpoint.LOCAL_PORT" description="Port du IMSloader"/-->
	<parameter description="Port du IMSloader" editable="true" name="[localPortSIP]" operation="set" value="7070"/>
	<parameter description="Addresse du IMSloader" name="[localSIP]" operation="set" value="[localHostSIP]:[localPortSIP]"/>

    	<parameter description="Addresse de l'AS" name="[remoteHostSIP]" operation="system.ipaddress" value2="[IPVersion]"/>
    	<parameter name="[remoteHostSIP]" operation="set" value="[remoteHostSIP(0)]"/>
    	<!--parameter name="[remoteHostSIP]" operation="set" value="172.20.113.2" description="Addresse de l'AS" 		editable="true"/-->	
    	<!--parameter name="[remoteHostSIP]" operation="set" value="172.16.21.129" description="Addresse de l'AS" 		editable="true"/-->	        
	<!--parameter name="[remotePortSIP]" operation="setFromConfig" value="sip.properties" value2="listenpoint.LOCAL_PORT" description="Port de l'AS"/-->
    	<!--parameter name="[remotePortSIP]" operation="set" value="5060" description="Port de l'AS"				editable="true"/-->
	<parameter description="Port de l'AS" editable="true" name="[remotePortSIP]" operation="set" value="7070"/>    	    
	<parameter name="[remoteSIP]" operation="set" value="[remoteHostSIP]:[remotePortSIP]"/>

    	<parameter name="[RangeNumberUser]" operation="set" value="5000"/>

	<!-- calculate the test duration -->			
	<parameter name="[TestDurationDay]" operation="number.multiply" value="[TestDurationDay]" value2="24"/>
	<parameter name="[TestDurationHour]" operation="number.add" value="[TestDurationHour]" value2="[TestDurationDay]"/>				
	<parameter name="[TestDurationHour]" operation="number.multiply" value="[TestDurationHour]" value2="60"/>
	<parameter name="[TestDurationMin]" operation="number.add" value="[TestDurationMin]" value2="[TestDurationHour]"/>					
	<parameter name="[TestDurationMin]" operation="number.multiply" value="[TestDurationMin]" value2="60"/>
	<parameter name="[TestDurationSec]" operation="number.add" value="[TestDurationSec]" value2="[TestDurationMin]"/>							
	
	<parameter name="[RangePortRTP-UAC]" operation="set" value="29000"/>				
	<parameter name="[RangePortRTP-UAS]" operation="set" value="39000"/>
				
	<!--                   -->
	<!-- CSV PARAMETERS -->
	<!--                   -->
	<parameter name="[inviterTab]" operation="file.readCsv" value="./testAS_uac.csv" value2="inviter"/>
	<parameter name="[inviteeTab]" operation="file.readCsv" value="./testAS_uas.csv" value2="invitee"/>    	

	<parameter name="[test:indexUser]" operation="set" value="0"/>
	
	<testcase description="passive testcase for invite sending" name="loader" state="true">

    	<!--                       -->
        <!-- RUNPROFILE PARAMETERS -->
        <!--                       -->    
        <parameter name="[CAPSlow]" operation="number.divide" value="[CAPS]" value2="2"/>    	
        <runProfile>
            <step frequency="[CAPSlow]" time="0"/>
            <step frequency="[CAPS]" time="30"/>
            <step frequency="[CAPS]" time="90"/>        
            <step frequency="[CAPSlow]" time="90"/>        
            <step frequency="[CAPSlow]" time="120"/>
            <end delay="[TestDurationSec]"/>
        </runProfile>
      			
		<scenario file="scenario/loader.xml" name="inviter"/>

	</testcase>
	    			
  	<for from="1" index="[index]" step="1" to="[NumberScenario]">

	   <testcase description="passive testcase for reponse and subsequent management" interruptible="false" name="responder[index]" state="true">   			

        	<!--                       -->
            <!-- RUNPROFILE PARAMETERS -->
            <!--                       -->    
            <runProfile>
                <step period="0" time="0"/>
                <end delay="[TestDurationSec]"/>
            </runProfile>

		    <scenario file="scenario/responder.xml" name="[localPortSIP]"/>

	   </testcase>

  	</for>
	
</test>
