<?xml version="1.0" encoding="UTF-8" standalone="no"?>
<test name="Load tests">

	     <!--                     -->
    	 <!-- INTERNAL PARAMETERS -->
    	 <!--                     -->
    	<parameter description="Addresse du XMLloader" name="[Host-Tester]" operation="system.ipaddress"/>
    	<parameter name="[Port-Tester]" operation="set" value="10000"/>
    	<parameter name="[Adresse-Tester]" operation="set" value="[Host-Tester(0)]:[Port-Tester]"/>

    	<parameter description="Addresse du XMLloader" name="[Host-Server]" operation="system.ipaddress"/>
    	<parameter name="[Port-Server]" operation="set" value="10000"/>
    	<parameter name="[Adresse-Server]" operation="set" value="[Host-Tester(0)]:[Port-Tester]"/>

    	<!--                       -->
        <!-- RUNPROFILE PARAMETERS -->
        <!--                       -->    
        <runProfile>
            <step period="0" time="0"/>
            <end delay="0"/>
        </runProfile>

  		<testcase description="load [number]" name="UDP" number="1" state="true">    			
			     <scenario file="scenario.xml" name="socket" routingName="socket"/>
		  </testcase>
	
</test>
